<?xml version="1.0" encoding="UTF-8"?>
<testsuite xmlns:xsi="http://www.w3.org/2001/XMLSchema-instance" xsi:noNamespaceSchemaLocation="https://maven.apache.org/surefire/maven-surefire-plugin/xsd/surefire-test-report-3.0.xsd" version="3.0" name="wfSImuleSoft.testRunner.ExpApiRunner" time="25.979" tests="1" errors="0" skipped="0" failures="0">
  <properties>
    <property name="java.specification.version" value="17"/>
    <property name="sun.cpu.isalist" value="amd64"/>
    <property name="sun.jnu.encoding" value="Cp1252"/>
    <property name="java.class.path" value="C:\Users\600001141\WFMuleSoftAPITest\target\test-classes;C:\Users\600001141\WFMuleSoftAPITest\target\classes;C:\Users\600001141\.m2\repository\com\intuit\karate\karate-junit5\1.4.1\karate-junit5-1.4.1.jar;C:\Users\600001141\.m2\repository\com\intuit\karate\karate-core\1.4.1\karate-core-1.4.1.jar;C:\Users\600001141\.m2\repository\org\graalvm\js\js-scriptengine\22.3.3\js-scriptengine-22.3.3.jar;C:\Users\600001141\.m2\repository\org\graalvm\sdk\graal-sdk\22.3.3\graal-sdk-22.3.3.jar;C:\Users\600001141\.m2\repository\org\graalvm\js\js\22.3.3\js-22.3.3.jar;C:\Users\600001141\.m2\repository\org\graalvm\regex\regex\22.3.3\regex-22.3.3.jar;C:\Users\600001141\.m2\repository\org\graalvm\truffle\truffle-api\22.3.3\truffle-api-22.3.3.jar;C:\Users\600001141\.m2\repository\com\ibm\icu\icu4j\71.1\icu4j-71.1.jar;C:\Users\600001141\.m2\repository\org\thymeleaf\thymeleaf\3.1.2.RELEASE\thymeleaf-3.1.2.RELEASE.jar;C:\Users\600001141\.m2\repository\ognl\ognl\3.3.4\ognl-3.3.4.jar;C:\Users\600001141\.m2\repository\org\javassist\javassist\3.29.0-GA\javassist-3.29.0-GA.jar;C:\Users\600001141\.m2\repository\org\attoparser\attoparser\2.0.7.RELEASE\attoparser-2.0.7.RELEASE.jar;C:\Users\600001141\.m2\repository\org\unbescape\unbescape\1.1.6.RELEASE\unbescape-1.1.6.RELEASE.jar;C:\Users\600001141\.m2\repository\com\linecorp\armeria\armeria\1.25.2\armeria-1.25.2.jar;C:\Users\600001141\.m2\repository\com\fasterxml\jackson\datatype\jackson-datatype-jdk8\2.15.2\jackson-datatype-jdk8-2.15.2.jar;C:\Users\600001141\.m2\repository\io\micrometer\micrometer-core\1.11.3\micrometer-core-1.11.3.jar;C:\Users\600001141\.m2\repository\io\micrometer\micrometer-commons\1.11.3\micrometer-commons-1.11.3.jar;C:\Users\600001141\.m2\repository\io\micrometer\micrometer-observation\1.11.3\micrometer-observation-1.11.3.jar;C:\Users\600001141\.m2\repository\org\hdrhistogram\HdrHistogram\2.1.12\HdrHistogram-2.1.12.jar;C:\Users\600001141\.m2\repository\org\latencyutils\LatencyUtils\2.0.3\LatencyUtils-2.0.3.jar;C:\Users\600001141\.m2\repository\io\netty\netty-transport\4.1.96.Final\netty-transport-4.1.96.Final.jar;C:\Users\600001141\.m2\repository\io\netty\netty-common\4.1.96.Final\netty-common-4.1.96.Final.jar;C:\Users\600001141\.m2\repository\io\netty\netty-buffer\4.1.96.Final\netty-buffer-4.1.96.Final.jar;C:\Users\600001141\.m2\repository\io\netty\netty-resolver\4.1.96.Final\netty-resolver-4.1.96.Final.jar;C:\Users\600001141\.m2\repository\io\netty\netty-codec-haproxy\4.1.96.Final\netty-codec-haproxy-4.1.96.Final.jar;C:\Users\600001141\.m2\repository\io\netty\netty-codec\4.1.96.Final\netty-codec-4.1.96.Final.jar;C:\Users\600001141\.m2\repository\io\netty\netty-codec-http2\4.1.96.Final\netty-codec-http2-4.1.96.Final.jar;C:\Users\600001141\.m2\repository\io\netty\netty-handler\4.1.96.Final\netty-handler-4.1.96.Final.jar;C:\Users\600001141\.m2\repository\io\netty\netty-codec-http\4.1.96.Final\netty-codec-http-4.1.96.Final.jar;C:\Users\600001141\.m2\repository\io\netty\netty-resolver-dns\4.1.96.Final\netty-resolver-dns-4.1.96.Final.jar;C:\Users\600001141\.m2\repository\io\netty\netty-codec-dns\4.1.96.Final\netty-codec-dns-4.1.96.Final.jar;C:\Users\600001141\.m2\repository\org\reactivestreams\reactive-streams\1.0.4\reactive-streams-1.0.4.jar;C:\Users\600001141\.m2\repository\com\google\code\findbugs\jsr305\3.0.2\jsr305-3.0.2.jar;C:\Users\600001141\.m2\repository\io\netty\netty-handler-proxy\4.1.96.Final\netty-handler-proxy-4.1.96.Final.jar;C:\Users\600001141\.m2\repository\io\netty\netty-codec-socks\4.1.96.Final\netty-codec-socks-4.1.96.Final.jar;C:\Users\600001141\.m2\repository\io\netty\netty-transport-native-unix-common\4.1.96.Final\netty-transport-native-unix-common-4.1.96.Final-linux-x86_64.jar;C:\Users\600001141\.m2\repository\io\netty\netty-transport-native-epoll\4.1.96.Final\netty-transport-native-epoll-4.1.96.Final-linux-x86_64.jar;C:\Users\600001141\.m2\repository\io\netty\netty-transport-native-unix-common\4.1.96.Final\netty-transport-native-unix-common-4.1.96.Final.jar;C:\Users\600001141\.m2\repository\io\netty\netty-transport-classes-epoll\4.1.96.Final\netty-transport-classes-epoll-4.1.96.Final.jar;C:\Users\600001141\.m2\repository\io\netty\netty-transport-native-unix-common\4.1.96.Final\netty-transport-native-unix-common-4.1.96.Final-linux-aarch_64.jar;C:\Users\600001141\.m2\repository\io\netty\netty-transport-native-epoll\4.1.96.Final\netty-transport-native-epoll-4.1.96.Final-linux-aarch_64.jar;C:\Users\600001141\.m2\repository\io\netty\netty-transport-native-unix-common\4.1.96.Final\netty-transport-native-unix-common-4.1.96.Final-osx-x86_64.jar;C:\Users\600001141\.m2\repository\io\netty\netty-transport-native-kqueue\4.1.96.Final\netty-transport-native-kqueue-4.1.96.Final-osx-x86_64.jar;C:\Users\600001141\.m2\repository\io\netty\netty-transport-classes-kqueue\4.1.96.Final\netty-transport-classes-kqueue-4.1.96.Final.jar;C:\Users\600001141\.m2\repository\io\netty\netty-resolver-dns-native-macos\4.1.96.Final\netty-resolver-dns-native-macos-4.1.96.Final-osx-x86_64.jar;C:\Users\600001141\.m2\repository\io\netty\netty-resolver-dns-classes-macos\4.1.96.Final\netty-resolver-dns-classes-macos-4.1.96.Final.jar;C:\Users\600001141\.m2\repository\io\netty\netty-transport-native-unix-common\4.1.96.Final\netty-transport-native-unix-common-4.1.96.Final-osx-aarch_64.jar;C:\Users\600001141\.m2\repository\io\netty\netty-transport-native-kqueue\4.1.96.Final\netty-transport-native-kqueue-4.1.96.Final-osx-aarch_64.jar;C:\Users\600001141\.m2\repository\io\netty\netty-resolver-dns-native-macos\4.1.96.Final\netty-resolver-dns-native-macos-4.1.96.Final-osx-aarch_64.jar;C:\Users\600001141\.m2\repository\io\netty\netty-tcnative-boringssl-static\2.0.61.Final\netty-tcnative-boringssl-static-2.0.61.Final-linux-x86_64.jar;C:\Users\600001141\.m2\repository\io\netty\netty-tcnative-classes\2.0.61.Final\netty-tcnative-classes-2.0.61.Final.jar;C:\Users\600001141\.m2\repository\io\netty\netty-tcnative-boringssl-static\2.0.61.Final\netty-tcnative-boringssl-static-2.0.61.Final-linux-aarch_64.jar;C:\Users\600001141\.m2\repository\io\netty\netty-tcnative-boringssl-static\2.0.61.Final\netty-tcnative-boringssl-static-2.0.61.Final-osx-x86_64.jar;C:\Users\600001141\.m2\repository\io\netty\netty-tcnative-boringssl-static\2.0.61.Final\netty-tcnative-boringssl-static-2.0.61.Final-osx-aarch_64.jar;C:\Users\600001141\.m2\repository\io\netty\netty-tcnative-boringssl-static\2.0.61.Final\netty-tcnative-boringssl-static-2.0.61.Final-windows-x86_64.jar;C:\Users\600001141\.m2\repository\com\aayushatharva\brotli4j\brotli4j\1.12.0\brotli4j-1.12.0.jar;C:\Users\600001141\.m2\repository\com\aayushatharva\brotli4j\service\1.12.0\service-1.12.0.jar;C:\Users\600001141\.m2\repository\com\aayushatharva\brotli4j\native-windows-x86_64\1.12.0\native-windows-x86_64-1.12.0.jar;C:\Users\600001141\.m2\repository\org\apache\httpcomponents\httpclient\4.5.14\httpclient-4.5.14.jar;C:\Users\600001141\.m2\repository\org\apache\httpcomponents\httpcore\4.4.16\httpcore-4.4.16.jar;C:\Users\600001141\.m2\repository\commons-codec\commons-codec\1.16.0\commons-codec-1.16.0.jar;C:\Users\600001141\.m2\repository\ch\qos\logback\logback-classic\1.4.11\logback-classic-1.4.11.jar;C:\Users\600001141\.m2\repository\ch\qos\logback\logback-core\1.4.11\logback-core-1.4.11.jar;C:\Users\600001141\.m2\repository\org\slf4j\jcl-over-slf4j\2.0.9\jcl-over-slf4j-2.0.9.jar;C:\Users\600001141\.m2\repository\org\antlr\antlr4-runtime\4.11.1\antlr4-runtime-4.11.1.jar;C:\Users\600001141\.m2\repository\com\jayway\jsonpath\json-path\2.8.0\json-path-2.8.0.jar;C:\Users\600001141\.m2\repository\net\minidev\json-smart\2.4.10\json-smart-2.4.10.jar;C:\Users\600001141\.m2\repository\net\minidev\accessors-smart\2.4.9\accessors-smart-2.4.9.jar;C:\Users\600001141\.m2\repository\org\ow2\asm\asm\9.3\asm-9.3.jar;C:\Users\600001141\.m2\repository\org\yaml\snakeyaml\2.0\snakeyaml-2.0.jar;C:\Users\600001141\.m2\repository\de\siegmar\fastcsv\2.2.1\fastcsv-2.2.1.jar;C:\Users\600001141\.m2\repository\info\picocli\picocli\4.7.1\picocli-4.7.1.jar;C:\Users\600001141\.m2\repository\io\github\classgraph\classgraph\4.8.160\classgraph-4.8.160.jar;C:\Users\600001141\.m2\repository\io\github\t12y\resemble\1.0.2\resemble-1.0.2.jar;C:\Users\600001141\.m2\repository\io\github\t12y\ssim\1.0.0\ssim-1.0.0.jar;C:\Users\600001141\.m2\repository\org\junit\jupiter\junit-jupiter-api\5.9.3\junit-jupiter-api-5.9.3.jar;C:\Users\600001141\.m2\repository\org\opentest4j\opentest4j\1.2.0\opentest4j-1.2.0.jar;C:\Users\600001141\.m2\repository\org\junit\platform\junit-platform-commons\1.9.3\junit-platform-commons-1.9.3.jar;C:\Users\600001141\.m2\repository\org\apiguardian\apiguardian-api\1.1.2\apiguardian-api-1.1.2.jar;C:\Users\600001141\.m2\repository\org\junit\jupiter\junit-jupiter-engine\5.9.3\junit-jupiter-engine-5.9.3.jar;C:\Users\600001141\.m2\repository\org\junit\platform\junit-platform-engine\1.9.3\junit-platform-engine-1.9.3.jar;C:\Users\600001141\.m2\repository\net\masterthought\cucumber-reporting\5.7.5\cucumber-reporting-5.7.5.jar;C:\Users\600001141\.m2\repository\com\fasterxml\jackson\core\jackson-databind\2.13.2.2\jackson-databind-2.13.2.2.jar;C:\Users\600001141\.m2\repository\com\fasterxml\jackson\core\jackson-annotations\2.13.2\jackson-annotations-2.13.2.jar;C:\Users\600001141\.m2\repository\com\fasterxml\jackson\core\jackson-core\2.13.2\jackson-core-2.13.2.jar;C:\Users\600001141\.m2\repository\com\fasterxml\jackson\datatype\jackson-datatype-jsr310\2.13.2\jackson-datatype-jsr310-2.13.2.jar;C:\Users\600001141\.m2\repository\org\apache\velocity\velocity-engine-core\2.3\velocity-engine-core-2.3.jar;C:\Users\600001141\.m2\repository\org\apache\commons\commons-collections4\4.4\commons-collections4-4.4.jar;C:\Users\600001141\.m2\repository\joda-time\joda-time\2.12.2\joda-time-2.12.2.jar;C:\Users\600001141\.m2\repository\org\apache\commons\commons-lang3\3.12.0\commons-lang3-3.12.0.jar;C:\Users\600001141\.m2\repository\commons-io\commons-io\2.7\commons-io-2.7.jar;C:\Users\600001141\.m2\repository\org\codehaus\plexus\plexus-utils\3.5.0\plexus-utils-3.5.0.jar;C:\Users\600001141\.m2\repository\org\jsoup\jsoup\1.15.4\jsoup-1.15.4.jar;C:\Users\600001141\.m2\repository\com\googlecode\owasp-java-html-sanitizer\owasp-java-html-sanitizer\20220608.1\owasp-java-html-sanitizer-20220608.1.jar;C:\Users\600001141\.m2\repository\com\google\guava\guava\30.1-jre\guava-30.1-jre.jar;C:\Users\600001141\.m2\repository\com\google\guava\failureaccess\1.0.1\failureaccess-1.0.1.jar;C:\Users\600001141\.m2\repository\com\google\guava\listenablefuture\9999.0-empty-to-avoid-conflict-with-guava\listenablefuture-9999.0-empty-to-avoid-conflict-with-guava.jar;C:\Users\600001141\.m2\repository\org\checkerframework\checker-qual\3.5.0\checker-qual-3.5.0.jar;C:\Users\600001141\.m2\repository\com\google\errorprone\error_prone_annotations\2.3.4\error_prone_annotations-2.3.4.jar;C:\Users\600001141\.m2\repository\com\google\j2objc\j2objc-annotations\1.3\j2objc-annotations-1.3.jar;C:\Users\600001141\.m2\repository\commons-configuration\commons-configuration\1.10\commons-configuration-1.10.jar;C:\Users\600001141\.m2\repository\commons-lang\commons-lang\2.6\commons-lang-2.6.jar;C:\Users\600001141\.m2\repository\commons-logging\commons-logging\1.1.1\commons-logging-1.1.1.jar;C:\Users\600001141\.m2\repository\org\apache\logging\log4j\log4j-core\2.12.4\log4j-core-2.12.4.jar;C:\Users\600001141\.m2\repository\org\apache\logging\log4j\log4j-api\2.12.4\log4j-api-2.12.4.jar;C:\Users\600001141\.m2\repository\org\slf4j\slf4j-api\1.7.32\slf4j-api-1.7.32.jar;C:\Users\600001141\.m2\repository\org\slf4j\slf4j-simple\1.7.32\slf4j-simple-1.7.32.jar;"/>
    <property name="java.vm.vendor" value="Eclipse Adoptium"/>
    <property name="sun.arch.data.model" value="64"/>
    <property name="user.variant" value=""/>
    <property name="java.vendor.url" value="https://adoptium.net/"/>
    <property name="user.timezone" value="America/New_York"/>
    <property name="os.name" value="Windows 10"/>
    <property name="java.vm.specification.version" value="17"/>
    <property name="sun.java.launcher" value="SUN_STANDARD"/>
    <property name="user.country" value="US"/>
    <property name="sun.boot.library.path" value="C:\Users\600001141\.p2\pool\plugins\org.eclipse.justj.openjdk.hotspot.jre.full.win32.x86_64_17.0.7.v20230425-1502\jre\bin"/>
    <property name="sun.java.command" value="C:\Users\600001141\AppData\Local\Temp\surefire15824335774856404143\surefirebooter-20250317091223906_3.jar C:\Users\600001141\AppData\Local\Temp\surefire15824335774856404143 2025-03-17T09-12-21_048-jvmRun1 surefire-20250317091223906_1tmp surefire_0-20250317091223906_2tmp"/>
    <property name="jdk.debug" value="release"/>
    <property name="surefire.test.class.path" value="C:\Users\600001141\WFMuleSoftAPITest\target\test-classes;C:\Users\600001141\WFMuleSoftAPITest\target\classes;C:\Users\600001141\.m2\repository\com\intuit\karate\karate-junit5\1.4.1\karate-junit5-1.4.1.jar;C:\Users\600001141\.m2\repository\com\intuit\karate\karate-core\1.4.1\karate-core-1.4.1.jar;C:\Users\600001141\.m2\repository\org\graalvm\js\js-scriptengine\22.3.3\js-scriptengine-22.3.3.jar;C:\Users\600001141\.m2\repository\org\graalvm\sdk\graal-sdk\22.3.3\graal-sdk-22.3.3.jar;C:\Users\600001141\.m2\repository\org\graalvm\js\js\22.3.3\js-22.3.3.jar;C:\Users\600001141\.m2\repository\org\graalvm\regex\regex\22.3.3\regex-22.3.3.jar;C:\Users\600001141\.m2\repository\org\graalvm\truffle\truffle-api\22.3.3\truffle-api-22.3.3.jar;C:\Users\600001141\.m2\repository\com\ibm\icu\icu4j\71.1\icu4j-71.1.jar;C:\Users\600001141\.m2\repository\org\thymeleaf\thymeleaf\3.1.2.RELEASE\thymeleaf-3.1.2.RELEASE.jar;C:\Users\600001141\.m2\repository\ognl\ognl\3.3.4\ognl-3.3.4.jar;C:\Users\600001141\.m2\repository\org\javassist\javassist\3.29.0-GA\javassist-3.29.0-GA.jar;C:\Users\600001141\.m2\repository\org\attoparser\attoparser\2.0.7.RELEASE\attoparser-2.0.7.RELEASE.jar;C:\Users\600001141\.m2\repository\org\unbescape\unbescape\1.1.6.RELEASE\unbescape-1.1.6.RELEASE.jar;C:\Users\600001141\.m2\repository\com\linecorp\armeria\armeria\1.25.2\armeria-1.25.2.jar;C:\Users\600001141\.m2\repository\com\fasterxml\jackson\datatype\jackson-datatype-jdk8\2.15.2\jackson-datatype-jdk8-2.15.2.jar;C:\Users\600001141\.m2\repository\io\micrometer\micrometer-core\1.11.3\micrometer-core-1.11.3.jar;C:\Users\600001141\.m2\repository\io\micrometer\micrometer-commons\1.11.3\micrometer-commons-1.11.3.jar;C:\Users\600001141\.m2\repository\io\micrometer\micrometer-observation\1.11.3\micrometer-observation-1.11.3.jar;C:\Users\600001141\.m2\repository\org\hdrhistogram\HdrHistogram\2.1.12\HdrHistogram-2.1.12.jar;C:\Users\600001141\.m2\repository\org\latencyutils\LatencyUtils\2.0.3\LatencyUtils-2.0.3.jar;C:\Users\600001141\.m2\repository\io\netty\netty-transport\4.1.96.Final\netty-transport-4.1.96.Final.jar;C:\Users\600001141\.m2\repository\io\netty\netty-common\4.1.96.Final\netty-common-4.1.96.Final.jar;C:\Users\600001141\.m2\repository\io\netty\netty-buffer\4.1.96.Final\netty-buffer-4.1.96.Final.jar;C:\Users\600001141\.m2\repository\io\netty\netty-resolver\4.1.96.Final\netty-resolver-4.1.96.Final.jar;C:\Users\600001141\.m2\repository\io\netty\netty-codec-haproxy\4.1.96.Final\netty-codec-haproxy-4.1.96.Final.jar;C:\Users\600001141\.m2\repository\io\netty\netty-codec\4.1.96.Final\netty-codec-4.1.96.Final.jar;C:\Users\600001141\.m2\repository\io\netty\netty-codec-http2\4.1.96.Final\netty-codec-http2-4.1.96.Final.jar;C:\Users\600001141\.m2\repository\io\netty\netty-handler\4.1.96.Final\netty-handler-4.1.96.Final.jar;C:\Users\600001141\.m2\repository\io\netty\netty-codec-http\4.1.96.Final\netty-codec-http-4.1.96.Final.jar;C:\Users\600001141\.m2\repository\io\netty\netty-resolver-dns\4.1.96.Final\netty-resolver-dns-4.1.96.Final.jar;C:\Users\600001141\.m2\repository\io\netty\netty-codec-dns\4.1.96.Final\netty-codec-dns-4.1.96.Final.jar;C:\Users\600001141\.m2\repository\org\reactivestreams\reactive-streams\1.0.4\reactive-streams-1.0.4.jar;C:\Users\600001141\.m2\repository\com\google\code\findbugs\jsr305\3.0.2\jsr305-3.0.2.jar;C:\Users\600001141\.m2\repository\io\netty\netty-handler-proxy\4.1.96.Final\netty-handler-proxy-4.1.96.Final.jar;C:\Users\600001141\.m2\repository\io\netty\netty-codec-socks\4.1.96.Final\netty-codec-socks-4.1.96.Final.jar;C:\Users\600001141\.m2\repository\io\netty\netty-transport-native-unix-common\4.1.96.Final\netty-transport-native-unix-common-4.1.96.Final-linux-x86_64.jar;C:\Users\600001141\.m2\repository\io\netty\netty-transport-native-epoll\4.1.96.Final\netty-transport-native-epoll-4.1.96.Final-linux-x86_64.jar;C:\Users\600001141\.m2\repository\io\netty\netty-transport-native-unix-common\4.1.96.Final\netty-transport-native-unix-common-4.1.96.Final.jar;C:\Users\600001141\.m2\repository\io\netty\netty-transport-classes-epoll\4.1.96.Final\netty-transport-classes-epoll-4.1.96.Final.jar;C:\Users\600001141\.m2\repository\io\netty\netty-transport-native-unix-common\4.1.96.Final\netty-transport-native-unix-common-4.1.96.Final-linux-aarch_64.jar;C:\Users\600001141\.m2\repository\io\netty\netty-transport-native-epoll\4.1.96.Final\netty-transport-native-epoll-4.1.96.Final-linux-aarch_64.jar;C:\Users\600001141\.m2\repository\io\netty\netty-transport-native-unix-common\4.1.96.Final\netty-transport-native-unix-common-4.1.96.Final-osx-x86_64.jar;C:\Users\600001141\.m2\repository\io\netty\netty-transport-native-kqueue\4.1.96.Final\netty-transport-native-kqueue-4.1.96.Final-osx-x86_64.jar;C:\Users\600001141\.m2\repository\io\netty\netty-transport-classes-kqueue\4.1.96.Final\netty-transport-classes-kqueue-4.1.96.Final.jar;C:\Users\600001141\.m2\repository\io\netty\netty-resolver-dns-native-macos\4.1.96.Final\netty-resolver-dns-native-macos-4.1.96.Final-osx-x86_64.jar;C:\Users\600001141\.m2\repository\io\netty\netty-resolver-dns-classes-macos\4.1.96.Final\netty-resolver-dns-classes-macos-4.1.96.Final.jar;C:\Users\600001141\.m2\repository\io\netty\netty-transport-native-unix-common\4.1.96.Final\netty-transport-native-unix-common-4.1.96.Final-osx-aarch_64.jar;C:\Users\600001141\.m2\repository\io\netty\netty-transport-native-kqueue\4.1.96.Final\netty-transport-native-kqueue-4.1.96.Final-osx-aarch_64.jar;C:\Users\600001141\.m2\repository\io\netty\netty-resolver-dns-native-macos\4.1.96.Final\netty-resolver-dns-native-macos-4.1.96.Final-osx-aarch_64.jar;C:\Users\600001141\.m2\repository\io\netty\netty-tcnative-boringssl-static\2.0.61.Final\netty-tcnative-boringssl-static-2.0.61.Final-linux-x86_64.jar;C:\Users\600001141\.m2\repository\io\netty\netty-tcnative-classes\2.0.61.Final\netty-tcnative-classes-2.0.61.Final.jar;C:\Users\600001141\.m2\repository\io\netty\netty-tcnative-boringssl-static\2.0.61.Final\netty-tcnative-boringssl-static-2.0.61.Final-linux-aarch_64.jar;C:\Users\600001141\.m2\repository\io\netty\netty-tcnative-boringssl-static\2.0.61.Final\netty-tcnative-boringssl-static-2.0.61.Final-osx-x86_64.jar;C:\Users\600001141\.m2\repository\io\netty\netty-tcnative-boringssl-static\2.0.61.Final\netty-tcnative-boringssl-static-2.0.61.Final-osx-aarch_64.jar;C:\Users\600001141\.m2\repository\io\netty\netty-tcnative-boringssl-static\2.0.61.Final\netty-tcnative-boringssl-static-2.0.61.Final-windows-x86_64.jar;C:\Users\600001141\.m2\repository\com\aayushatharva\brotli4j\brotli4j\1.12.0\brotli4j-1.12.0.jar;C:\Users\600001141\.m2\repository\com\aayushatharva\brotli4j\service\1.12.0\service-1.12.0.jar;C:\Users\600001141\.m2\repository\com\aayushatharva\brotli4j\native-windows-x86_64\1.12.0\native-windows-x86_64-1.12.0.jar;C:\Users\600001141\.m2\repository\org\apache\httpcomponents\httpclient\4.5.14\httpclient-4.5.14.jar;C:\Users\600001141\.m2\repository\org\apache\httpcomponents\httpcore\4.4.16\httpcore-4.4.16.jar;C:\Users\600001141\.m2\repository\commons-codec\commons-codec\1.16.0\commons-codec-1.16.0.jar;C:\Users\600001141\.m2\repository\ch\qos\logback\logback-classic\1.4.11\logback-classic-1.4.11.jar;C:\Users\600001141\.m2\repository\ch\qos\logback\logback-core\1.4.11\logback-core-1.4.11.jar;C:\Users\600001141\.m2\repository\org\slf4j\jcl-over-slf4j\2.0.9\jcl-over-slf4j-2.0.9.jar;C:\Users\600001141\.m2\repository\org\antlr\antlr4-runtime\4.11.1\antlr4-runtime-4.11.1.jar;C:\Users\600001141\.m2\repository\com\jayway\jsonpath\json-path\2.8.0\json-path-2.8.0.jar;C:\Users\600001141\.m2\repository\net\minidev\json-smart\2.4.10\json-smart-2.4.10.jar;C:\Users\600001141\.m2\repository\net\minidev\accessors-smart\2.4.9\accessors-smart-2.4.9.jar;C:\Users\600001141\.m2\repository\org\ow2\asm\asm\9.3\asm-9.3.jar;C:\Users\600001141\.m2\repository\org\yaml\snakeyaml\2.0\snakeyaml-2.0.jar;C:\Users\600001141\.m2\repository\de\siegmar\fastcsv\2.2.1\fastcsv-2.2.1.jar;C:\Users\600001141\.m2\repository\info\picocli\picocli\4.7.1\picocli-4.7.1.jar;C:\Users\600001141\.m2\repository\io\github\classgraph\classgraph\4.8.160\classgraph-4.8.160.jar;C:\Users\600001141\.m2\repository\io\github\t12y\resemble\1.0.2\resemble-1.0.2.jar;C:\Users\600001141\.m2\repository\io\github\t12y\ssim\1.0.0\ssim-1.0.0.jar;C:\Users\600001141\.m2\repository\org\junit\jupiter\junit-jupiter-api\5.9.3\junit-jupiter-api-5.9.3.jar;C:\Users\600001141\.m2\repository\org\opentest4j\opentest4j\1.2.0\opentest4j-1.2.0.jar;C:\Users\600001141\.m2\repository\org\junit\platform\junit-platform-commons\1.9.3\junit-platform-commons-1.9.3.jar;C:\Users\600001141\.m2\repository\org\apiguardian\apiguardian-api\1.1.2\apiguardian-api-1.1.2.jar;C:\Users\600001141\.m2\repository\org\junit\jupiter\junit-jupiter-engine\5.9.3\junit-jupiter-engine-5.9.3.jar;C:\Users\600001141\.m2\repository\org\junit\platform\junit-platform-engine\1.9.3\junit-platform-engine-1.9.3.jar;C:\Users\600001141\.m2\repository\net\masterthought\cucumber-reporting\5.7.5\cucumber-reporting-5.7.5.jar;C:\Users\600001141\.m2\repository\com\fasterxml\jackson\core\jackson-databind\2.13.2.2\jackson-databind-2.13.2.2.jar;C:\Users\600001141\.m2\repository\com\fasterxml\jackson\core\jackson-annotations\2.13.2\jackson-annotations-2.13.2.jar;C:\Users\600001141\.m2\repository\com\fasterxml\jackson\core\jackson-core\2.13.2\jackson-core-2.13.2.jar;C:\Users\600001141\.m2\repository\com\fasterxml\jackson\datatype\jackson-datatype-jsr310\2.13.2\jackson-datatype-jsr310-2.13.2.jar;C:\Users\600001141\.m2\repository\org\apache\velocity\velocity-engine-core\2.3\velocity-engine-core-2.3.jar;C:\Users\600001141\.m2\repository\org\apache\commons\commons-collections4\4.4\commons-collections4-4.4.jar;C:\Users\600001141\.m2\repository\joda-time\joda-time\2.12.2\joda-time-2.12.2.jar;C:\Users\600001141\.m2\repository\org\apache\commons\commons-lang3\3.12.0\commons-lang3-3.12.0.jar;C:\Users\600001141\.m2\repository\commons-io\commons-io\2.7\commons-io-2.7.jar;C:\Users\600001141\.m2\repository\org\codehaus\plexus\plexus-utils\3.5.0\plexus-utils-3.5.0.jar;C:\Users\600001141\.m2\repository\org\jsoup\jsoup\1.15.4\jsoup-1.15.4.jar;C:\Users\600001141\.m2\repository\com\googlecode\owasp-java-html-sanitizer\owasp-java-html-sanitizer\20220608.1\owasp-java-html-sanitizer-20220608.1.jar;C:\Users\600001141\.m2\repository\com\google\guava\guava\30.1-jre\guava-30.1-jre.jar;C:\Users\600001141\.m2\repository\com\google\guava\failureaccess\1.0.1\failureaccess-1.0.1.jar;C:\Users\600001141\.m2\repository\com\google\guava\listenablefuture\9999.0-empty-to-avoid-conflict-with-guava\listenablefuture-9999.0-empty-to-avoid-conflict-with-guava.jar;C:\Users\600001141\.m2\repository\org\checkerframework\checker-qual\3.5.0\checker-qual-3.5.0.jar;C:\Users\600001141\.m2\repository\com\google\errorprone\error_prone_annotations\2.3.4\error_prone_annotations-2.3.4.jar;C:\Users\600001141\.m2\repository\com\google\j2objc\j2objc-annotations\1.3\j2objc-annotations-1.3.jar;C:\Users\600001141\.m2\repository\commons-configuration\commons-configuration\1.10\commons-configuration-1.10.jar;C:\Users\600001141\.m2\repository\commons-lang\commons-lang\2.6\commons-lang-2.6.jar;C:\Users\600001141\.m2\repository\commons-logging\commons-logging\1.1.1\commons-logging-1.1.1.jar;C:\Users\600001141\.m2\repository\org\apache\logging\log4j\log4j-core\2.12.4\log4j-core-2.12.4.jar;C:\Users\600001141\.m2\repository\org\apache\logging\log4j\log4j-api\2.12.4\log4j-api-2.12.4.jar;C:\Users\600001141\.m2\repository\org\slf4j\slf4j-api\1.7.32\slf4j-api-1.7.32.jar;C:\Users\600001141\.m2\repository\org\slf4j\slf4j-simple\1.7.32\slf4j-simple-1.7.32.jar;"/>
    <property name="sun.cpu.endian" value="little"/>
    <property name="user.home" value="C:\Users\600001141"/>
    <property name="user.language" value="en"/>
    <property name="java.specification.vendor" value="Oracle Corporation"/>
    <property name="java.version.date" value="2023-04-18"/>
    <property name="java.home" value="C:\Users\600001141\.p2\pool\plugins\org.eclipse.justj.openjdk.hotspot.jre.full.win32.x86_64_17.0.7.v20230425-1502\jre"/>
    <property name="file.separator" value="\"/>
    <property name="basedir" value="C:\Users\600001141\WFMuleSoftAPITest"/>
    <property name="java.vm.compressedOopsMode" value="Zero based"/>
    <property name="line.separator" value="&#10;"/>
    <property name="java.vm.specification.vendor" value="Oracle Corporation"/>
    <property name="java.specification.name" value="Java Platform API Specification"/>
    <property name="surefire.real.class.path" value="C:\Users\600001141\AppData\Local\Temp\surefire15824335774856404143\surefirebooter-20250317091223906_3.jar"/>
    <property name="user.script" value=""/>
    <property name="sun.management.compiler" value="HotSpot 64-Bit Tiered Compilers"/>
    <property name="java.runtime.version" value="17.0.7+7"/>
    <property name="user.name" value="600001141"/>
    <property name="path.separator" value=";"/>
    <property name="os.version" value="10.0"/>
    <property name="java.runtime.name" value="OpenJDK Runtime Environment"/>
    <property name="file.encoding" value="UTF-8"/>
    <property name="java.vm.name" value="OpenJDK 64-Bit Server VM"/>
    <property name="java.vendor.version" value="Temurin-17.0.7+7"/>
    <property name="localRepository" value="C:\Users\600001141\.m2\repository"/>
    <property name="java.vendor.url.bug" value="https://github.com/adoptium/adoptium-support/issues"/>
    <property name="java.io.tmpdir" value="C:\Users\600001~1\AppData\Local\Temp\"/>
    <property name="java.version" value="17.0.7"/>
    <property name="user.dir" value="C:\Users\600001141\WFMuleSoftAPITest"/>
    <property name="os.arch" value="amd64"/>
    <property name="java.vm.specification.name" value="Java Virtual Machine Specification"/>
    <property name="sun.os.patch.level" value=""/>
    <property name="native.encoding" value="Cp1252"/>
    <property name="java.library.path" value="C:\Users\600001141\.p2\pool\plugins\org.eclipse.justj.openjdk.hotspot.jre.full.win32.x86_64_17.0.7.v20230425-1502\jre\bin;C:\WINDOWS\Sun\Java\bin;C:\WINDOWS\system32;C:\WINDOWS;C:/Users/600001141/.p2/pool/plugins/org.eclipse.justj.openjdk.hotspot.jre.full.win32.x86_64_17.0.7.v20230425-1502/jre/bin/server;C:/Users/600001141/.p2/pool/plugins/org.eclipse.justj.openjdk.hotspot.jre.full.win32.x86_64_17.0.7.v20230425-1502/jre/bin;C:\Program Files\Common Files\Oracle\Java\javapath;C:\Program Files\Eclipse Adoptium\jdk-8.0.432.6-hotspot\bin;C:\Program Files\Eclipse Adoptium\jdk-21.0.5.11-hotspot\bin;C:\WINDOWS\System32\Oracle12cR1\bin;C:\WINDOWS\system32;C:\WINDOWS;C:\WINDOWS\System32\Wbem;C:\WINDOWS\System32\WindowsPowerShell\v1.0\;C:\WINDOWS\System32\OpenSSH\;C:\Program Files (x86)\IBM\Client Access\Emulator;C:\Program Files (x86)\IBM\Client Access\Shared;C:\Program Files (x86)\IBM\Client Access\;C:\Program Files\Azure Data Studio\bin;C:\Program Files\TortoiseHg\;C:\Program Files (x86)\Microsoft SQL Server\Client SDK\ODBC\130\Tools\Binn\;C:\Program Files (x86)\Microsoft SQL Server\130\Tools\Binn\;C:\Program Files (x86)\Microsoft SQL Server\130\DTS\Binn\;C:\Program Files (x86)\Microsoft SQL Server\130\Tools\Binn\ManagementStudio\;C:\developer\software\java\bin;C:\developer\software\ant\bin;C:\developer\software\maven\bin;C:\Program Files (x86)\Microsoft SQL Server\160\Tools\Binn\;C:\Program Files\Microsoft SQL Server\160\Tools\Binn\;C:\Program Files\Microsoft SQL Server\Client SDK\ODBC\170\Tools\Binn\;C:\Program Files\Microsoft SQL Server\160\DTS\Binn\;C:\Program Files (x86)\Microsoft SQL Server\160\DTS\Binn\;C:\Program Files\TortoiseSVN\bin;C:\Program Files\Git\cmd;C:\Users\600001141\AppData\Local\Microsoft\WindowsApps;C:\Users\600001141\AppData\Local\GitHubDesktop\bin;C:\WINDOWS\system32;;."/>
    <property name="java.vm.info" value="mixed mode"/>
    <property name="java.vendor" value="Eclipse Adoptium"/>
    <property name="java.vm.version" value="17.0.7+7"/>
    <property name="sun.io.unicode.encoding" value="UnicodeLittle"/>
    <property name="java.class.version" value="61.0"/>
  </properties>
  <testcase name="expregression" classname="wfSImuleSoft.testRunner.ExpApiRunner" time="25.932">
    <system-out><![CDATA[---------------------------------------------------------
feature: classpath:wfSImuleSoft/expApi/getAgencyCityNameInExp.feature
scenarios:  1 | passed:  1 | failed:  0 | time: 1.9298
---------------------------------------------------------

---------------------------------------------------------
feature: classpath:wfSImuleSoft/expApi/getAgencyCodeInExp.feature
scenarios:  1 | passed:  1 | failed:  0 | time: 0.3474
---------------------------------------------------------

---------------------------------------------------------
feature: classpath:wfSImuleSoft/expApi/getAgencyDetailsInExp.feature
scenarios:  1 | passed:  1 | failed:  0 | time: 0.2563
---------------------------------------------------------

---------------------------------------------------------
feature: classpath:wfSImuleSoft/expApi/getAgencyNameInExp.feature
scenarios:  1 | passed:  1 | failed:  0 | time: 0.3050
---------------------------------------------------------

---------------------------------------------------------
feature: classpath:wfSImuleSoft/expApi/getAgencyPostalcodeInExp.feature
scenarios:  1 | passed:  1 | failed:  0 | time: 0.2686
---------------------------------------------------------

---------------------------------------------------------
feature: classpath:wfSImuleSoft/expApi/getAgencyStateInExp.feature
scenarios:  1 | passed:  1 | failed:  0 | time: 0.4419
---------------------------------------------------------

---------------------------------------------------------
feature: classpath:wfSImuleSoft/expApi/getAgencyTotalNumbersInExp.feature
scenarios:  1 | passed:  1 | failed:  0 | time: 0.3745
---------------------------------------------------------

---------------------------------------------------------
feature: classpath:wfSImuleSoft/expApi/getCaseCustomerNumberExp.feature
scenarios:  1 | passed:  1 | failed:  0 | time: 0.2751
---------------------------------------------------------

---------------------------------------------------------
feature: classpath:wfSImuleSoft/expApi/getCaseNumberExp.feature
scenarios:  1 | passed:  1 | failed:  0 | time: 0.2549
---------------------------------------------------------

---------------------------------------------------------
feature: classpath:wfSImuleSoft/expApi/getEISLUItemCSR3536.feature
scenarios:  1 | passed:  1 | failed:  0 | time: 0.2667
---------------------------------------------------------

---------------------------------------------------------
feature: classpath:wfSImuleSoft/expApi/getEmailExpCSR3534.feature
scenarios:  1 | passed:  1 | failed:  0 | time: 0.2685
---------------------------------------------------------

---------------------------------------------------------
feature: classpath:wfSImuleSoft/expApi/getEmailsPageExpCSR3534.feature
scenarios:  1 | passed:  1 | failed:  0 | time: 0.2653
---------------------------------------------------------

---------------------------------------------------------
feature: classpath:wfSImuleSoft/expApi/getEntEISLookupCSR3536.feature
scenarios:  1 | passed:  1 | failed:  0 | time: 0.1904
---------------------------------------------------------

---------------------------------------------------------
feature: classpath:wfSImuleSoft/expApi/getEntEISLUItemsCSR3536.feature
scenarios:  1 | passed:  1 | failed:  0 | time: 0.1962
---------------------------------------------------------

---------------------------------------------------------
feature: classpath:wfSImuleSoft/expApi/getEntlookupsCategoryCSR3536.feature
scenarios:  1 | passed:  1 | failed:  0 | time: 0.0576
---------------------------------------------------------

---------------------------------------------------------
feature: classpath:wfSImuleSoft/expApi/getEntlookupsLuCategoryCSR3536.feature
scenarios:  1 | passed:  1 | failed:  0 | time: 0.1181
---------------------------------------------------------

---------------------------------------------------------
feature: classpath:wfSImuleSoft/expApi/getEntlookupsLuCategoryIdCSR3536.feature
scenarios:  1 | passed:  1 | failed:  0 | time: 0.0551
---------------------------------------------------------

---------------------------------------------------------
feature: classpath:wfSImuleSoft/expApi/getEntlookupsLuItemCSR3536.feature
scenarios:  1 | passed:  1 | failed:  0 | time: 0.0491
---------------------------------------------------------

---------------------------------------------------------
feature: classpath:wfSImuleSoft/expApi/getEntlookupsLuItemsCSR3536.feature
scenarios:  1 | passed:  1 | failed:  0 | time: 0.0475
---------------------------------------------------------

---------------------------------------------------------
feature: classpath:wfSImuleSoft/expApi/getEntlookupsOneLuItemCSR3536.feature
scenarios:  1 | passed:  1 | failed:  0 | time: 0.0633
---------------------------------------------------------

---------------------------------------------------------
feature: classpath:wfSImuleSoft/expApi/getSaveEmailExpCSR3534.feature
scenarios:  1 | passed:  1 | failed:  0 | time: 0.0597
---------------------------------------------------------

Karate version: 1.4.1
======================================================
elapsed:  18.79 | threads:    1 | thread time: 6.09 
features:    21 | skipped:    0 | efficiency: 0.32
scenarios:   21 | passed:    21 | failed: 0
======================================================

HTML report: (paste into browser to view) | Karate version: 1.4.1
file:///C:/Users/600001141/WFMuleSoftAPITest/target/karate-reports/karate-summary.html
===================================================================

]]></system-out>
    <system-err><![CDATA[[main] INFO com.intuit.karate.Suite - backed up existing 'target\karate-reports' dir to: target\karate-reports_1742217150661
[main] INFO com.intuit.karate - karate.env system property was: null 
[main] INFO com.intuit.karate - [print] [
  "795421",
  "927870",
  "927871"
]
 
[main] INFO com.intuit.karate.Suite - <<pass>> feature 1 of 21 (0 remaining) classpath:wfSImuleSoft/expApi/getAgencyCityNameInExp.feature
[main] INFO com.intuit.karate - karate.env system property was: null 
[main] INFO com.intuit.karate - [print] [
  "795421"
]
 
[main] INFO com.intuit.karate.Suite - <<pass>> feature 2 of 21 (0 remaining) classpath:wfSImuleSoft/expApi/getAgencyCodeInExp.feature
[main] INFO com.intuit.karate - karate.env system property was: null 
[main] INFO com.intuit.karate - [print] [
  "795421"
]
 
[main] INFO com.intuit.karate.Suite - <<pass>> feature 3 of 21 (0 remaining) classpath:wfSImuleSoft/expApi/getAgencyDetailsInExp.feature
[main] INFO com.intuit.karate - karate.env system property was: null 
[main] INFO com.intuit.karate - [print] [
  "795421"
]
 
[main] INFO com.intuit.karate.Suite - <<pass>> feature 4 of 21 (0 remaining) classpath:wfSImuleSoft/expApi/getAgencyNameInExp.feature
[main] INFO com.intuit.karate - karate.env system property was: null 
[main] INFO com.intuit.karate - [print] [
  "795421"
]
 
[main] INFO com.intuit.karate.Suite - <<pass>> feature 5 of 21 (0 remaining) classpath:wfSImuleSoft/expApi/getAgencyPostalcodeInExp.feature
[main] INFO com.intuit.karate - karate.env system property was: null 
[main] INFO com.intuit.karate - [print] [
  "795421",
  "927870",
  "927871",
  "3688814",
  "3688815",
  "8483556",
  "8483557",
  "8483558",
  "8483559",
  "8483560"
]
 
[main] INFO com.intuit.karate.Suite - <<pass>> feature 6 of 21 (0 remaining) classpath:wfSImuleSoft/expApi/getAgencyStateInExp.feature
[main] INFO com.intuit.karate - karate.env system property was: null 
[main] INFO com.intuit.karate - [print] [
  "795421",
  "927870",
  "927871",
  "1638006",
  "1638008",
  "1938400",
  "1970533",
  "1970534",
  "2676911",
  "2676912"
]
 
[main] INFO com.intuit.karate.Suite - <<pass>> feature 7 of 21 (0 remaining) classpath:wfSImuleSoft/expApi/getAgencyTotalNumbersInExp.feature
[main] INFO com.intuit.karate - karate.env system property was: null 
[main] INFO com.intuit.karate.Suite - <<pass>> feature 8 of 21 (0 remaining) classpath:wfSImuleSoft/expApi/getCaseCustomerNumberExp.feature
[main] INFO com.intuit.karate - karate.env system property was: null 
[main] INFO com.intuit.karate.Suite - <<pass>> feature 9 of 21 (0 remaining) classpath:wfSImuleSoft/expApi/getCaseNumberExp.feature
[main] INFO com.intuit.karate - karate.env system property was: null 
[main] INFO com.intuit.karate - [print] {
  "metadata": {
    "count": 1,
    "offset": 0,
    "limit": 1,
    "total": 1,
    "page": 1,
    "searchfilter": "",
    "sortexpression": "",
    "sortorder": "",
    "refid": 0
  },
  "links": [
  ],
  "content": [
    {
      "CategoryShortName": "ACAmbulanceTransportation",
      "Code": "100",
      "LUValue": "Included - $100 Maximum Benefit",
      "ProductCode": "GB_AC"
    }
  ]
}
 
[main] INFO com.intuit.karate - [print] [
  "ACAmbulanceTransportation"
]
 
[main] INFO com.intuit.karate.Suite - <<pass>> feature 10 of 21 (0 remaining) classpath:wfSImuleSoft/expApi/getEISLUItemCSR3536.feature
[main] INFO com.intuit.karate - karate.env system property was: null 
[main] INFO com.intuit.karate - [print] {
  "metadata": {
    "count": 10,
    "offset": 0,
    "limit": "10",
    "total": 224,
    "page": "1",
    "searchterm": "",
    "searchfilter": "",
    "sortexpression": "Id",
    "sortorder": "desc"
  },
  "content": [
    {
      "id": 6881647,
      "eMailAddressFrom": {
        "eMailAddressString": "apptest@consolidatedhealthplan.com",
        "displayName": "Application Notifications"
      },
      "eMailAddressReplyTo": {
      },
      "eMailAddressTo": [
        {
          "eMailAddressString": "pmclaughlin@wellfleetinsurance.com",
          "displayName": "Paula McLaughlin"
        }
      ],
      "eMailAddressCC": [
      ],
      "emailAddressBCC": [
      ],
      "attachmentUNCs": [
      ],
      "subject": "DEV: Status for MuleSoft EIS Payment Log File Parsing Process Application",
      "body": {
        "message": null,
        "templateURI": "https://oasis-dev.wellfleetinsurance.com/templates/NotificationApplicationStatusTemplate.html",
        "elements": [
          {
            "key": "HEADING",
            "value": " (104)"
          },
          {
            "key": "APPCONTACT",
            "value": "John Paul Lamb / Jack Yasgar"
          },
          {
            "key": "APPID",
            "value": "51"
          },
          {
            "key": "APPNAME",
            "value": "MuleSoft EIS Payment Log File Parsing Process Application"
          },
          {
            "key": "EMAILADDRESS",
            "value": "pmclaughlin@wellfleetinsurance.com"
          },
          {
            "key": "FILEDATEPROCESSED",
            "value": "3/16/2025 4:00 PM"
          },
          {
            "key": "FILEINBOUND",
            "value": "False"
          },
          {
            "key": "FILENAME",
            "value": "\\\\deveas.medpro.com\\server\\rrng\\EISAPCLM.txt"
          },
          {
            "key": "FILENAMEONLY",
            "value": "EISAPCLM.txt"
          },
          {
            "key": "NEWFILENAME",
            "value": ""
          },
          {
            "key": "NEWFILENAMEONLY",
            "value": ""
          },
          {
            "key": "FILEPROCESSID",
            "value": "173217"
          },
          {
            "key": "NOTIFYSTATUSID",
            "value": "1583484"
          },
          {
            "key": "LOGDATE",
            "value": "3/16/2025 10:45 PM"
          },
          {
            "key": "STATUSMESSAGE",
            "value": "<br><br><P><PRE>STATUS_OBJECT_NAME_NOT_FOUND (0xc0000034): Create failed for \\\\deveas.medpro.com\\EASBackup\\EIS\\EISPayClaim_20250316.log</PRE></P>"
          },
          {
            "key": "STATUSCATDESCRIPTION",
            "value": ""
          },
          {
            "key": "STATUSCATNAME",
            "value": ""
          },
          {
            "key": "STATUSCATSHORTNAME",
            "value": ""
          },
          {
            "key": "STATUSDESCRIPTION",
            "value": ""
          },
          {
            "key": "STATUSID",
            "value": "104"
          },
          {
            "key": "USERFULLNAME",
            "value": "Paula McLaughlin"
          },
          {
            "key": "USERID",
            "value": "2044"
          }
        ]
      },
      "priority": "Normal",
      "isBodyHTML": true,
      "appShortName": "ENT_LOG_SWEEPER_WINSVC",
      "isEncrypted": false,
      "isExternalSend": false,
      "sentDate": "2025-03-16T22:47:25.1906671",
      "dateAdded": "2025-03-16T22:45:50.5388283"
    },
    {
      "id": 6881646,
      "eMailAddressFrom": {
        "eMailAddressString": "apptest@consolidatedhealthplan.com",
        "displayName": "Application Notifications"
      },
      "eMailAddressReplyTo": {
      },
      "eMailAddressTo": [
        {
          "eMailAddressString": "mulesoftdevelopers@wellfleetinsurance.com",
          "displayName": "Mulesoft Developers"
        }
      ],
      "eMailAddressCC": [
      ],
      "emailAddressBCC": [
      ],
      "attachmentUNCs": [
      ],
      "subject": "DEV: Status for MuleSoft EIS Payment Log File Parsing Process Application",
      "body": {
        "message": null,
        "templateURI": "https://oasis-dev.wellfleetinsurance.com/templates/NotificationApplicationStatusTemplate.html",
        "elements": [
          {
            "key": "HEADING",
            "value": " (104)"
          },
          {
            "key": "APPCONTACT",
            "value": "John Paul Lamb / Jack Yasgar"
          },
          {
            "key": "APPID",
            "value": "51"
          },
          {
            "key": "APPNAME",
            "value": "MuleSoft EIS Payment Log File Parsing Process Application"
          },
          {
            "key": "EMAILADDRESS",
            "value": "mulesoftdevelopers@wellfleetinsurance.com"
          },
          {
            "key": "FILEDATEPROCESSED",
            "value": "3/16/2025 4:00 PM"
          },
          {
            "key": "FILEINBOUND",
            "value": "False"
          },
          {
            "key": "FILENAME",
            "value": "\\\\deveas.medpro.com\\server\\rrng\\EISAPCLM.txt"
          },
          {
            "key": "FILENAMEONLY",
            "value": "EISAPCLM.txt"
          },
          {
            "key": "NEWFILENAME",
            "value": ""
          },
          {
            "key": "NEWFILENAMEONLY",
            "value": ""
          },
          {
            "key": "FILEPROCESSID",
            "value": "173217"
          },
          {
            "key": "NOTIFYSTATUSID",
            "value": "1583484"
          },
          {
            "key": "LOGDATE",
            "value": "3/16/2025 10:45 PM"
          },
          {
            "key": "STATUSMESSAGE",
            "value": "<br><br><P><PRE>STATUS_OBJECT_NAME_NOT_FOUND (0xc0000034): Create failed for \\\\deveas.medpro.com\\EASBackup\\EIS\\EISPayClaim_20250316.log</PRE></P>"
          },
          {
            "key": "STATUSCATDESCRIPTION",
            "value": ""
          },
          {
            "key": "STATUSCATNAME",
            "value": ""
          },
          {
            "key": "STATUSCATSHORTNAME",
            "value": ""
          },
          {
            "key": "STATUSDESCRIPTION",
            "value": ""
          },
          {
            "key": "STATUSID",
            "value": "104"
          },
          {
            "key": "USERFULLNAME",
            "value": "Mulesoft Developers"
          },
          {
            "key": "USERID",
            "value": "2043"
          }
        ]
      },
      "priority": "Normal",
      "isBodyHTML": true,
      "appShortName": "ENT_LOG_SWEEPER_WINSVC",
      "isEncrypted": false,
      "isExternalSend": false,
      "sentDate": "2025-03-16T22:47:24.595699",
      "dateAdded": "2025-03-16T22:45:50.1888453"
    },
    {
      "id": 6881645,
      "eMailAddressFrom": {
        "eMailAddressString": "apptest@consolidatedhealthplan.com",
        "displayName": "Application Notifications"
      },
      "eMailAddressReplyTo": {
      },
      "eMailAddressTo": [
        {
          "eMailAddressString": "pmclaughlin@wellfleetinsurance.com",
          "displayName": "Paula McLaughlin"
        }
      ],
      "eMailAddressCC": [
      ],
      "emailAddressBCC": [
      ],
      "attachmentUNCs": [
      ],
      "subject": "DEV: Status for MuleSoft EIS Payment Log File Parsing Process Application",
      "body": {
        "message": null,
        "templateURI": "https://oasis-dev.wellfleetinsurance.com/templates/NotificationApplicationStatusTemplate.html",
        "elements": [
          {
            "key": "HEADING",
            "value": " (104)"
          },
          {
            "key": "APPCONTACT",
            "value": "John Paul Lamb / Jack Yasgar"
          },
          {
            "key": "APPID",
            "value": "51"
          },
          {
            "key": "APPNAME",
            "value": "MuleSoft EIS Payment Log File Parsing Process Application"
          },
          {
            "key": "EMAILADDRESS",
            "value": "pmclaughlin@wellfleetinsurance.com"
          },
          {
            "key": "FILEDATEPROCESSED",
            "value": "3/15/2025 4:00 PM"
          },
          {
            "key": "FILEINBOUND",
            "value": "False"
          },
          {
            "key": "FILENAME",
            "value": "\\\\deveas.medpro.com\\server\\rrng\\EISAPCLM.txt"
          },
          {
            "key": "FILENAMEONLY",
            "value": "EISAPCLM.txt"
          },
          {
            "key": "NEWFILENAME",
            "value": ""
          },
          {
            "key": "NEWFILENAMEONLY",
            "value": ""
          },
          {
            "key": "FILEPROCESSID",
            "value": "173215"
          },
          {
            "key": "NOTIFYSTATUSID",
            "value": "1583471"
          },
          {
            "key": "LOGDATE",
            "value": "3/15/2025 10:45 PM"
          },
          {
            "key": "STATUSMESSAGE",
            "value": "<br><br><P><PRE>STATUS_OBJECT_NAME_NOT_FOUND (0xc0000034): Create failed for \\\\deveas.medpro.com\\EASBackup\\EIS\\EISPayClaim_20250315.log</PRE></P>"
          },
          {
            "key": "STATUSCATDESCRIPTION",
            "value": ""
          },
          {
            "key": "STATUSCATNAME",
            "value": ""
          },
          {
            "key": "STATUSCATSHORTNAME",
            "value": ""
          },
          {
            "key": "STATUSDESCRIPTION",
            "value": ""
          },
          {
            "key": "STATUSID",
            "value": "104"
          },
          {
            "key": "USERFULLNAME",
            "value": "Paula McLaughlin"
          },
          {
            "key": "USERID",
            "value": "2044"
          }
        ]
      },
      "priority": "Normal",
      "isBodyHTML": true,
      "appShortName": "ENT_LOG_SWEEPER_WINSVC",
      "isEncrypted": false,
      "isExternalSend": false,
      "sentDate": "2025-03-15T22:47:23.7783771",
      "dateAdded": "2025-03-15T22:45:41.561674"
    },
    {
      "id": 6881644,
      "eMailAddressFrom": {
        "eMailAddressString": "apptest@consolidatedhealthplan.com",
        "displayName": "Application Notifications"
      },
      "eMailAddressReplyTo": {
      },
      "eMailAddressTo": [
        {
          "eMailAddressString": "mulesoftdevelopers@wellfleetinsurance.com",
          "displayName": "Mulesoft Developers"
        }
      ],
      "eMailAddressCC": [
      ],
      "emailAddressBCC": [
      ],
      "attachmentUNCs": [
      ],
      "subject": "DEV: Status for MuleSoft EIS Payment Log File Parsing Process Application",
      "body": {
        "message": null,
        "templateURI": "https://oasis-dev.wellfleetinsurance.com/templates/NotificationApplicationStatusTemplate.html",
        "elements": [
          {
            "key": "HEADING",
            "value": " (104)"
          },
          {
            "key": "APPCONTACT",
            "value": "John Paul Lamb / Jack Yasgar"
          },
          {
            "key": "APPID",
            "value": "51"
          },
          {
            "key": "APPNAME",
            "value": "MuleSoft EIS Payment Log File Parsing Process Application"
          },
          {
            "key": "EMAILADDRESS",
            "value": "mulesoftdevelopers@wellfleetinsurance.com"
          },
          {
            "key": "FILEDATEPROCESSED",
            "value": "3/15/2025 4:00 PM"
          },
          {
            "key": "FILEINBOUND",
            "value": "False"
          },
          {
            "key": "FILENAME",
            "value": "\\\\deveas.medpro.com\\server\\rrng\\EISAPCLM.txt"
          },
          {
            "key": "FILENAMEONLY",
            "value": "EISAPCLM.txt"
          },
          {
            "key": "NEWFILENAME",
            "value": ""
          },
          {
            "key": "NEWFILENAMEONLY",
            "value": ""
          },
          {
            "key": "FILEPROCESSID",
            "value": "173215"
          },
          {
            "key": "NOTIFYSTATUSID",
            "value": "1583471"
          },
          {
            "key": "LOGDATE",
            "value": "3/15/2025 10:45 PM"
          },
          {
            "key": "STATUSMESSAGE",
            "value": "<br><br><P><PRE>STATUS_OBJECT_NAME_NOT_FOUND (0xc0000034): Create failed for \\\\deveas.medpro.com\\EASBackup\\EIS\\EISPayClaim_20250315.log</PRE></P>"
          },
          {
            "key": "STATUSCATDESCRIPTION",
            "value": ""
          },
          {
            "key": "STATUSCATNAME",
            "value": ""
          },
          {
            "key": "STATUSCATSHORTNAME",
            "value": ""
          },
          {
            "key": "STATUSDESCRIPTION",
            "value": ""
          },
          {
            "key": "STATUSID",
            "value": "104"
          },
          {
            "key": "USERFULLNAME",
            "value": "Mulesoft Developers"
          },
          {
            "key": "USERID",
            "value": "2043"
          }
        ]
      },
      "priority": "Normal",
      "isBodyHTML": true,
      "appShortName": "ENT_LOG_SWEEPER_WINSVC",
      "isEncrypted": false,
      "isExternalSend": false,
      "sentDate": "2025-03-15T22:47:23.1040112",
      "dateAdded": "2025-03-15T22:45:41.5162257"
    },
    {
      "id": 6881643,
      "eMailAddressFrom": {
        "eMailAddressString": "apptest@consolidatedhealthplan.com",
        "displayName": "Application Notifications"
      },
      "eMailAddressReplyTo": {
      },
      "eMailAddressTo": [
        {
          "eMailAddressString": "pmclaughlin@wellfleetinsurance.com",
          "displayName": "Paula McLaughlin"
        }
      ],
      "eMailAddressCC": [
      ],
      "emailAddressBCC": [
      ],
      "attachmentUNCs": [
      ],
      "subject": "DEV: Status for MuleSoft EIS Payment Log File Parsing Process Application",
      "body": {
        "message": null,
        "templateURI": "https://oasis-dev.wellfleetinsurance.com/templates/NotificationApplicationStatusTemplate.html",
        "elements": [
          {
            "key": "HEADING",
            "value": " (104)"
          },
          {
            "key": "APPCONTACT",
            "value": "John Paul Lamb / Jack Yasgar"
          },
          {
            "key": "APPID",
            "value": "51"
          },
          {
            "key": "APPNAME",
            "value": "MuleSoft EIS Payment Log File Parsing Process Application"
          },
          {
            "key": "EMAILADDRESS",
            "value": "pmclaughlin@wellfleetinsurance.com"
          },
          {
            "key": "FILEDATEPROCESSED",
            "value": "3/14/2025 4:00 PM"
          },
          {
            "key": "FILEINBOUND",
            "value": "False"
          },
          {
            "key": "FILENAME",
            "value": "\\\\deveas.medpro.com\\server\\rrng\\EISAPCLM.txt"
          },
          {
            "key": "FILENAMEONLY",
            "value": "EISAPCLM.txt"
          },
          {
            "key": "NEWFILENAME",
            "value": ""
          },
          {
            "key": "NEWFILENAMEONLY",
            "value": ""
          },
          {
            "key": "FILEPROCESSID",
            "value": "173213"
          },
          {
            "key": "NOTIFYSTATUSID",
            "value": "1583458"
          },
          {
            "key": "LOGDATE",
            "value": "3/14/2025 10:45 PM"
          },
          {
            "key": "STATUSMESSAGE",
            "value": "<br><br><P><PRE>STATUS_OBJECT_NAME_NOT_FOUND (0xc0000034): Create failed for \\\\deveas.medpro.com\\EASBackup\\EIS\\EISPayClaim_20250314.log</PRE></P>"
          },
          {
            "key": "STATUSCATDESCRIPTION",
            "value": ""
          },
          {
            "key": "STATUSCATNAME",
            "value": ""
          },
          {
            "key": "STATUSCATSHORTNAME",
            "value": ""
          },
          {
            "key": "STATUSDESCRIPTION",
            "value": ""
          },
          {
            "key": "STATUSID",
            "value": "104"
          },
          {
            "key": "USERFULLNAME",
            "value": "Paula McLaughlin"
          },
          {
            "key": "USERID",
            "value": "2044"
          }
        ]
      },
      "priority": "Normal",
      "isBodyHTML": true,
      "appShortName": "ENT_LOG_SWEEPER_WINSVC",
      "isEncrypted": false,
      "isExternalSend": false,
      "sentDate": "2025-03-14T22:47:21.9966275",
      "dateAdded": "2025-03-14T22:45:32.9810619"
    },
    {
      "id": 6881642,
      "eMailAddressFrom": {
        "eMailAddressString": "apptest@consolidatedhealthplan.com",
        "displayName": "Application Notifications"
      },
      "eMailAddressReplyTo": {
      },
      "eMailAddressTo": [
        {
          "eMailAddressString": "mulesoftdevelopers@wellfleetinsurance.com",
          "displayName": "Mulesoft Developers"
        }
      ],
      "eMailAddressCC": [
      ],
      "emailAddressBCC": [
      ],
      "attachmentUNCs": [
      ],
      "subject": "DEV: Status for MuleSoft EIS Payment Log File Parsing Process Application",
      "body": {
        "message": null,
        "templateURI": "https://oasis-dev.wellfleetinsurance.com/templates/NotificationApplicationStatusTemplate.html",
        "elements": [
          {
            "key": "HEADING",
            "value": " (104)"
          },
          {
            "key": "APPCONTACT",
            "value": "John Paul Lamb / Jack Yasgar"
          },
          {
            "key": "APPID",
            "value": "51"
          },
          {
            "key": "APPNAME",
            "value": "MuleSoft EIS Payment Log File Parsing Process Application"
          },
          {
            "key": "EMAILADDRESS",
            "value": "mulesoftdevelopers@wellfleetinsurance.com"
          },
          {
            "key": "FILEDATEPROCESSED",
            "value": "3/14/2025 4:00 PM"
          },
          {
            "key": "FILEINBOUND",
            "value": "False"
          },
          {
            "key": "FILENAME",
            "value": "\\\\deveas.medpro.com\\server\\rrng\\EISAPCLM.txt"
          },
          {
            "key": "FILENAMEONLY",
            "value": "EISAPCLM.txt"
          },
          {
            "key": "NEWFILENAME",
            "value": ""
          },
          {
            "key": "NEWFILENAMEONLY",
            "value": ""
          },
          {
            "key": "FILEPROCESSID",
            "value": "173213"
          },
          {
            "key": "NOTIFYSTATUSID",
            "value": "1583458"
          },
          {
            "key": "LOGDATE",
            "value": "3/14/2025 10:45 PM"
          },
          {
            "key": "STATUSMESSAGE",
            "value": "<br><br><P><PRE>STATUS_OBJECT_NAME_NOT_FOUND (0xc0000034): Create failed for \\\\deveas.medpro.com\\EASBackup\\EIS\\EISPayClaim_20250314.log</PRE></P>"
          },
          {
            "key": "STATUSCATDESCRIPTION",
            "value": ""
          },
          {
            "key": "STATUSCATNAME",
            "value": ""
          },
          {
            "key": "STATUSCATSHORTNAME",
            "value": ""
          },
          {
            "key": "STATUSDESCRIPTION",
            "value": ""
          },
          {
            "key": "STATUSID",
            "value": "104"
          },
          {
            "key": "USERFULLNAME",
            "value": "Mulesoft Developers"
          },
          {
            "key": "USERID",
            "value": "2043"
          }
        ]
      },
      "priority": "Normal",
      "isBodyHTML": true,
      "appShortName": "ENT_LOG_SWEEPER_WINSVC",
      "isEncrypted": false,
      "isExternalSend": false,
      "sentDate": "2025-03-14T22:47:21.3654014",
      "dateAdded": "2025-03-14T22:45:32.6308205"
    },
    {
      "id": 6881641,
      "eMailAddressFrom": {
        "eMailAddressString": "apptest@consolidatedhealthplan.com",
        "displayName": "Application Notifications"
      },
      "eMailAddressReplyTo": {
      },
      "eMailAddressTo": [
        {
          "eMailAddressString": "mulesoftdevelopers@wellfleetinsurance.com",
          "displayName": "Mulesoft Developers"
        }
      ],
      "eMailAddressCC": [
      ],
      "emailAddressBCC": [
      ],
      "attachmentUNCs": [
      ],
      "subject": "DEV: Error from MuleSoft EIS Payment Status Update Process API Micro Service",
      "body": {
        "message": null,
        "templateURI": "https://oasis-dev.wellfleetinsurance.com/templates/AppEventErrorMultipleTemplate.html",
        "elements": [
          {
            "key": "YEAR",
            "value": "2025"
          },
          {
            "key": "APPVERSION",
            "value": "1.0"
          },
          {
            "key": "LOGINID",
            "value": ""
          },
          {
            "key": "APPNAME",
            "value": "MuleSoft EIS Payment Status Update Process API Micro Service"
          },
          {
            "key": "CONTACT",
            "value": "John Paul Lamb / Jack Yasgar"
          },
          {
            "key": "EMAILADDRESS",
            "value": "mulesoftdevelopers@wellfleetinsurance.com"
          },
          {
            "key": "USERFULLNAME",
            "value": "Mulesoft Developers"
          },
          {
            "key": "HEADING",
            "value": "An Error occurred in MuleSoft EIS Payment Status Update Process API Micro Service"
          },
          {
            "key": "MAINBODY",
            "value": "<label style=\"font-family: Arial, Verdana, sans-serif; font-size:small; color: blue; font-weight: bold;\">3/14/2025 5:01 PM</label><table width=\"100%\" border=\"1\" style=\"border-width: thick; border-color: blue; border-collapse: collapse;\"><tr><td><table width=\"100%\" border=\"1\" style=\"color: blue; border-collapse: collapse;\"><tr><td width=\"140px\" style=\"font-family: Arial, Verdana, sans-serif; color: black;\"><strong>Message:</strong></td><td colspan=\"3\" style=\"font-family: Arial, Verdana, sans-serif; color: black;\"><pre>You called the function 'Value Selector' with these arguments: \n  1: Binary ( as Binary {base: 64})\n  2: Name (content)\n\nBut it expects one of these combinations:\n  (Array, Name)\n  (Array, String)\n  (Date, Name)\n  (DateTime, Name)\n  (LocalDateTime, Name)\n  (LocalTime, Name)\n  (Object, Name)\n  (Object, String)\n  (Period, Name)\n  (Time, Name)\n\n4| payload.content map ( content , indexOfContent ) -> {\n   ^^^^^^^^^^^^^^^\nTrace:\n  at anonymous::main (line: 4, column: 1) evaluating expression: %dw 2.0\noutput application/json\n---\npayload.content map ( content , indexOfContent ) -> {\n\t\teasPaymentNumber: if(content.paymentMode == C) content.checkNumber \n\t\telse content.eftAdviceNumber,\n\t\tpaymentMode: content.paymentMode,\n\t\tcheckReconStatus: content.checkReconStatus,\n\t\tcheckReconDate: content.checkReconDate,\n\t\tinvoiceAmount: content.invoiceAmount,\n\t\tcheckNote: content.checkNote,\n\t\tdaysBetweenUpdate : daysBetween(content.dateEntered, now()), \n\t\thoursBetweenUpdate: (now() - content.dateEntered).hours \n\t\t\n}.</pre></td></tr><tr><td colspan=\"4\" style=\"font-family: Arial, Verdana, sans-serif; color: black;\"><strong>Long Description:</strong></td></tr><tr><td colspan=\"4\" style=\"font-family: Arial, Verdana, sans-serif; color: black;\"><pre>You called the function 'Value Selector' with these arguments: \n  1: Binary ( as Binary {base: 64})\n  2: Name (content)\n\nBut it expects one of these combinations:\n  (Array, Name)\n  (Array, String)\n  (Date, Name)\n  (DateTime, Name)\n  (LocalDateTime, Name)\n  (LocalTime, Name)\n  (Object, Name)\n  (Object, String)\n  (Period, Name)\n  (Time, Name)\n\n4| payload.content map ( content , indexOfContent ) -> {\n   ^^^^^^^^^^^^^^^\nTrace:\n  at anonymous::main (line: 4, column: 1) evaluating expression: %dw 2.0\noutput application/json\n---\npayload.content map ( content , indexOfContent ) -> {\n\t\teasPaymentNumber: if(content.paymentMode == C) content.checkNumber \n\t\telse content.eftAdviceNumber,\n\t\tpaymentMode: content.paymentMode,\n\t\tcheckReconStatus: content.checkReconStatus,\n\t\tcheckReconDate: content.checkReconDate,\n\t\tinvoiceAmount: content.invoiceAmount,\n\t\tcheckNote: content.checkNote,\n\t\tdaysBetweenUpdate : daysBetween(content.dateEntered, now()), \n\t\thoursBetweenUpdate: (now() - content.dateEntered).hours \n\t\t\n}.</pre></td></tr><tr><td width=\"140px\" style=\"font-family: Arial, Verdana, sans-serif; color: black;\"><strong>Method:</strong></td><td style=\"font-family: Arial, Verdana, sans-serif; color: black;\">FileProcessSetSub_Flow</td><td width=\"140px\" style=\"font-family: Arial, Verdana, sans-serif; color: black;\"><strong>Correlation ID:</strong></td><td style=\"font-family: Arial, Verdana, sans-serif; color: black;\">4ad7af10-0117-11f0-9ec0-005056a73672</td></tr><tr><td width=\"140px\" style=\"font-family: Arial, Verdana, sans-serif; color: black;\"><strong>Record ID:</strong></td><td style=\"font-family: Arial, Verdana, sans-serif; color: black;\"></td><td width=\"140px\" style=\"font-family: Arial, Verdana, sans-serif; color: black;\"><strong>Organization:</strong></td><td style=\"font-family: Arial, Verdana, sans-serif; color: black;\">Wellfleet</td></tr><tr><td width=\"140px\" style=\"font-family: Arial,Verdana,sans-serif; color: black;\"><strong>AppVersion:</strong></td><td style=\"font-family: Arial,Verdana,sans-serif; color: black;\">1.0</td><td width=\"140px\" style=\"font-family: Arial,Verdana,sans-serif; color: black;\"><strong>Login Id:</strong></td><td style=\"font-family: Arial,Verdana,sans-serif; color: black;\"></td></tr><tr><td width=\"140px\" style=\"font-family: Arial,Verdana,sans-serif; color: black;\"><strong>App Name:</strong></td><td colspan=\"3\" style=\"font-family: Arial,Verdana,sans-serif; color: black;\">MuleSoft EIS Payment Status Update Process API Micro Service</td></tr><tr><td width=\"140px\" style=\"font-family: Arial,Verdana,sans-serif; color: black;\"><strong>App Contact:</strong></td><td colspan=\"3\" style=\"font-family: Arial,Verdana,sans-serif; color: black;\">John Paul Lamb / Jack Yasgar</td></tr></tbody></table></td></tr></tbody></table><br/>"
          }
        ]
      },
      "priority": "High",
      "isBodyHTML": true,
      "appShortName": "ENT_LOG_SWEEPER_WINSVC",
      "isEncrypted": false,
      "isExternalSend": false,
      "sentDate": "2025-03-14T17:03:20.9365777",
      "dateAdded": "2025-03-14T17:01:24.1457031"
    },
    {
      "id": 6881640,
      "eMailAddressFrom": {
        "eMailAddressString": "apptest@consolidatedhealthplan.com",
        "displayName": "Application Notifications"
      },
      "eMailAddressReplyTo": {
      },
      "eMailAddressTo": [
        {
          "eMailAddressString": "pmclaughlin@wellfleetinsurance.com",
          "displayName": "Paula McLaughlin"
        }
      ],
      "eMailAddressCC": [
      ],
      "emailAddressBCC": [
      ],
      "attachmentUNCs": [
      ],
      "subject": "DEV: Status for MuleSoft EIS Payment Log File Parsing Process Application",
      "body": {
        "message": null,
        "templateURI": "https://oasis-dev.wellfleetinsurance.com/templates/NotificationApplicationStatusTemplate.html",
        "elements": [
          {
            "key": "HEADING",
            "value": " (104)"
          },
          {
            "key": "APPCONTACT",
            "value": "John Paul Lamb / Jack Yasgar"
          },
          {
            "key": "APPID",
            "value": "51"
          },
          {
            "key": "APPNAME",
            "value": "MuleSoft EIS Payment Log File Parsing Process Application"
          },
          {
            "key": "EMAILADDRESS",
            "value": "pmclaughlin@wellfleetinsurance.com"
          },
          {
            "key": "FILEDATEPROCESSED",
            "value": "3/13/2025 4:00 PM"
          },
          {
            "key": "FILEINBOUND",
            "value": "False"
          },
          {
            "key": "FILENAME",
            "value": "\\\\deveas.medpro.com\\server\\rrng\\EISAPCLM.txt"
          },
          {
            "key": "FILENAMEONLY",
            "value": "EISAPCLM.txt"
          },
          {
            "key": "NEWFILENAME",
            "value": ""
          },
          {
            "key": "NEWFILENAMEONLY",
            "value": ""
          },
          {
            "key": "FILEPROCESSID",
            "value": "173211"
          },
          {
            "key": "NOTIFYSTATUSID",
            "value": "1583445"
          },
          {
            "key": "LOGDATE",
            "value": "3/13/2025 10:45 PM"
          },
          {
            "key": "STATUSMESSAGE",
            "value": "<br><br><P><PRE>STATUS_OBJECT_NAME_NOT_FOUND (0xc0000034): Create failed for \\\\deveas.medpro.com\\EASBackup\\EIS\\EISPayClaim_20250313.log</PRE></P>"
          },
          {
            "key": "STATUSCATDESCRIPTION",
            "value": ""
          },
          {
            "key": "STATUSCATNAME",
            "value": ""
          },
          {
            "key": "STATUSCATSHORTNAME",
            "value": ""
          },
          {
            "key": "STATUSDESCRIPTION",
            "value": ""
          },
          {
            "key": "STATUSID",
            "value": "104"
          },
          {
            "key": "USERFULLNAME",
            "value": "Paula McLaughlin"
          },
          {
            "key": "USERID",
            "value": "2044"
          }
        ]
      },
      "priority": "Normal",
      "isBodyHTML": true,
      "appShortName": "ENT_LOG_SWEEPER_WINSVC",
      "isEncrypted": false,
      "isExternalSend": false,
      "sentDate": "2025-03-13T22:47:20.5030989",
      "dateAdded": "2025-03-13T22:45:23.7489543"
    },
    {
      "id": 6881639,
      "eMailAddressFrom": {
        "eMailAddressString": "apptest@consolidatedhealthplan.com",
        "displayName": "Application Notifications"
      },
      "eMailAddressReplyTo": {
      },
      "eMailAddressTo": [
        {
          "eMailAddressString": "mulesoftdevelopers@wellfleetinsurance.com",
          "displayName": "Mulesoft Developers"
        }
      ],
      "eMailAddressCC": [
      ],
      "emailAddressBCC": [
      ],
      "attachmentUNCs": [
      ],
      "subject": "DEV: Status for MuleSoft EIS Payment Log File Parsing Process Application",
      "body": {
        "message": null,
        "templateURI": "https://oasis-dev.wellfleetinsurance.com/templates/NotificationApplicationStatusTemplate.html",
        "elements": [
          {
            "key": "HEADING",
            "value": " (104)"
          },
          {
            "key": "APPCONTACT",
            "value": "John Paul Lamb / Jack Yasgar"
          },
          {
            "key": "APPID",
            "value": "51"
          },
          {
            "key": "APPNAME",
            "value": "MuleSoft EIS Payment Log File Parsing Process Application"
          },
          {
            "key": "EMAILADDRESS",
            "value": "mulesoftdevelopers@wellfleetinsurance.com"
          },
          {
            "key": "FILEDATEPROCESSED",
            "value": "3/13/2025 4:00 PM"
          },
          {
            "key": "FILEINBOUND",
            "value": "False"
          },
          {
            "key": "FILENAME",
            "value": "\\\\deveas.medpro.com\\server\\rrng\\EISAPCLM.txt"
          },
          {
            "key": "FILENAMEONLY",
            "value": "EISAPCLM.txt"
          },
          {
            "key": "NEWFILENAME",
            "value": ""
          },
          {
            "key": "NEWFILENAMEONLY",
            "value": ""
          },
          {
            "key": "FILEPROCESSID",
            "value": "173211"
          },
          {
            "key": "NOTIFYSTATUSID",
            "value": "1583445"
          },
          {
            "key": "LOGDATE",
            "value": "3/13/2025 10:45 PM"
          },
          {
            "key": "STATUSMESSAGE",
            "value": "<br><br><P><PRE>STATUS_OBJECT_NAME_NOT_FOUND (0xc0000034): Create failed for \\\\deveas.medpro.com\\EASBackup\\EIS\\EISPayClaim_20250313.log</PRE></P>"
          },
          {
            "key": "STATUSCATDESCRIPTION",
            "value": ""
          },
          {
            "key": "STATUSCATNAME",
            "value": ""
          },
          {
            "key": "STATUSCATSHORTNAME",
            "value": ""
          },
          {
            "key": "STATUSDESCRIPTION",
            "value": ""
          },
          {
            "key": "STATUSID",
            "value": "104"
          },
          {
            "key": "USERFULLNAME",
            "value": "Mulesoft Developers"
          },
          {
            "key": "USERID",
            "value": "2043"
          }
        ]
      },
      "priority": "Normal",
      "isBodyHTML": true,
      "appShortName": "ENT_LOG_SWEEPER_WINSVC",
      "isEncrypted": false,
      "isExternalSend": false,
      "sentDate": "2025-03-13T22:47:19.8302431",
      "dateAdded": "2025-03-13T22:45:23.706272"
    },
    {
      "id": 6881638,
      "eMailAddressFrom": {
        "eMailAddressString": "apptest@consolidatedhealthplan.com",
        "displayName": "Application Notifications"
      },
      "eMailAddressReplyTo": {
      },
      "eMailAddressTo": [
        {
          "eMailAddressString": "mulesoftdevelopers@wellfleetinsurance.com",
          "displayName": "Mulesoft Developers"
        }
      ],
      "eMailAddressCC": [
      ],
      "emailAddressBCC": [
      ],
      "attachmentUNCs": [
      ],
      "subject": "DEV: Error from MuleSoft EIS Payment Status Update Process API Micro Service",
      "body": {
        "message": null,
        "templateURI": "https://oasis-dev.wellfleetinsurance.com/templates/AppEventErrorMultipleTemplate.html",
        "elements": [
          {
            "key": "YEAR",
            "value": "2025"
          },
          {
            "key": "APPVERSION",
            "value": "1.0"
          },
          {
            "key": "LOGINID",
            "value": ""
          },
          {
            "key": "APPNAME",
            "value": "MuleSoft EIS Payment Status Update Process API Micro Service"
          },
          {
            "key": "CONTACT",
            "value": "John Paul Lamb / Jack Yasgar"
          },
          {
            "key": "EMAILADDRESS",
            "value": "mulesoftdevelopers@wellfleetinsurance.com"
          },
          {
            "key": "USERFULLNAME",
            "value": "Mulesoft Developers"
          },
          {
            "key": "HEADING",
            "value": "An Error occurred in MuleSoft EIS Payment Status Update Process API Micro Service"
          },
          {
            "key": "MAINBODY",
            "value": "<label style=\"font-family: Arial, Verdana, sans-serif; font-size:small; color: blue; font-weight: bold;\">3/13/2025 5:01 PM</label><table width=\"100%\" border=\"1\" style=\"border-width: thick; border-color: blue; border-collapse: collapse;\"><tr><td><table width=\"100%\" border=\"1\" style=\"color: blue; border-collapse: collapse;\"><tr><td width=\"140px\" style=\"font-family: Arial, Verdana, sans-serif; color: black;\"><strong>Message:</strong></td><td colspan=\"3\" style=\"font-family: Arial, Verdana, sans-serif; color: black;\"><pre>You called the function 'Value Selector' with these arguments: \n  1: Binary ( as Binary {base: 64})\n  2: Name (content)\n\nBut it expects one of these combinations:\n  (Array, Name)\n  (Array, String)\n  (Date, Name)\n  (DateTime, Name)\n  (LocalDateTime, Name)\n  (LocalTime, Name)\n  (Object, Name)\n  (Object, String)\n  (Period, Name)\n  (Time, Name)\n\n4| payload.content map ( content , indexOfContent ) -> {\n   ^^^^^^^^^^^^^^^\nTrace:\n  at anonymous::main (line: 4, column: 1) evaluating expression: %dw 2.0\noutput application/json\n---\npayload.content map ( content , indexOfContent ) -> {\n\t\teasPaymentNumber: if(content.paymentMode == C) content.checkNumber \n\t\telse content.eftAdviceNumber,\n\t\tpaymentMode: content.paymentMode,\n\t\tcheckReconStatus: content.checkReconStatus,\n\t\tcheckReconDate: content.checkReconDate,\n\t\tinvoiceAmount: content.invoiceAmount,\n\t\tcheckNote: content.checkNote,\n\t\tdaysBetweenUpdate : daysBetween(content.dateEntered, now()), \n\t\thoursBetweenUpdate: (now() - content.dateEntered).hours \n\t\t\n}.</pre></td></tr><tr><td colspan=\"4\" style=\"font-family: Arial, Verdana, sans-serif; color: black;\"><strong>Long Description:</strong></td></tr><tr><td colspan=\"4\" style=\"font-family: Arial, Verdana, sans-serif; color: black;\"><pre>You called the function 'Value Selector' with these arguments: \n  1: Binary ( as Binary {base: 64})\n  2: Name (content)\n\nBut it expects one of these combinations:\n  (Array, Name)\n  (Array, String)\n  (Date, Name)\n  (DateTime, Name)\n  (LocalDateTime, Name)\n  (LocalTime, Name)\n  (Object, Name)\n  (Object, String)\n  (Period, Name)\n  (Time, Name)\n\n4| payload.content map ( content , indexOfContent ) -> {\n   ^^^^^^^^^^^^^^^\nTrace:\n  at anonymous::main (line: 4, column: 1) evaluating expression: %dw 2.0\noutput application/json\n---\npayload.content map ( content , indexOfContent ) -> {\n\t\teasPaymentNumber: if(content.paymentMode == C) content.checkNumber \n\t\telse content.eftAdviceNumber,\n\t\tpaymentMode: content.paymentMode,\n\t\tcheckReconStatus: content.checkReconStatus,\n\t\tcheckReconDate: content.checkReconDate,\n\t\tinvoiceAmount: content.invoiceAmount,\n\t\tcheckNote: content.checkNote,\n\t\tdaysBetweenUpdate : daysBetween(content.dateEntered, now()), \n\t\thoursBetweenUpdate: (now() - content.dateEntered).hours \n\t\t\n}.</pre></td></tr><tr><td width=\"140px\" style=\"font-family: Arial, Verdana, sans-serif; color: black;\"><strong>Method:</strong></td><td style=\"font-family: Arial, Verdana, sans-serif; color: black;\">FileProcessSetSub_Flow</td><td width=\"140px\" style=\"font-family: Arial, Verdana, sans-serif; color: black;\"><strong>Correlation ID:</strong></td><td style=\"font-family: Arial, Verdana, sans-serif; color: black;\">206fc3d1-004e-11f0-9ec0-005056a73672</td></tr><tr><td width=\"140px\" style=\"font-family: Arial, Verdana, sans-serif; color: black;\"><strong>Record ID:</strong></td><td style=\"font-family: Arial, Verdana, sans-serif; color: black;\"></td><td width=\"140px\" style=\"font-family: Arial, Verdana, sans-serif; color: black;\"><strong>Organization:</strong></td><td style=\"font-family: Arial, Verdana, sans-serif; color: black;\">Wellfleet</td></tr><tr><td width=\"140px\" style=\"font-family: Arial,Verdana,sans-serif; color: black;\"><strong>AppVersion:</strong></td><td style=\"font-family: Arial,Verdana,sans-serif; color: black;\">1.0</td><td width=\"140px\" style=\"font-family: Arial,Verdana,sans-serif; color: black;\"><strong>Login Id:</strong></td><td style=\"font-family: Arial,Verdana,sans-serif; color: black;\"></td></tr><tr><td width=\"140px\" style=\"font-family: Arial,Verdana,sans-serif; color: black;\"><strong>App Name:</strong></td><td colspan=\"3\" style=\"font-family: Arial,Verdana,sans-serif; color: black;\">MuleSoft EIS Payment Status Update Process API Micro Service</td></tr><tr><td width=\"140px\" style=\"font-family: Arial,Verdana,sans-serif; color: black;\"><strong>App Contact:</strong></td><td colspan=\"3\" style=\"font-family: Arial,Verdana,sans-serif; color: black;\">John Paul Lamb / Jack Yasgar</td></tr></tbody></table></td></tr></tbody></table><br/>"
          }
        ]
      },
      "priority": "High",
      "isBodyHTML": true,
      "appShortName": "ENT_LOG_SWEEPER_WINSVC",
      "isEncrypted": false,
      "isExternalSend": false,
      "sentDate": "2025-03-13T17:01:19.1071749",
      "dateAdded": "2025-03-13T17:01:15.467359"
    }
  ],
  "message": {
    "id": 0,
    "level": 0,
    "state": 0,
    "source": "",
    "message": "",
    "code": "",
    "stacktrace": ""
  },
  "links": [
  ]
}
 
[main] INFO com.intuit.karate - [print] [
  6881647,
  6881646,
  6881645,
  6881644,
  6881643,
  6881642,
  6881641,
  6881640,
  6881639,
  6881638
]
 
[main] INFO com.intuit.karate.Suite - <<pass>> feature 11 of 21 (0 remaining) classpath:wfSImuleSoft/expApi/getEmailExpCSR3534.feature
[main] INFO com.intuit.karate - karate.env system property was: null 
[main] INFO com.intuit.karate - [print] {
  "metadata": {
    "count": 10,
    "offset": 0,
    "limit": "10",
    "total": 66407,
    "page": "1",
    "searchterm": "",
    "searchfilter": "",
    "sortexpression": "Id",
    "sortorder": "desc"
  },
  "content": [
    {
      "id": 6881647,
      "eMailAddressFrom": {
        "eMailAddressString": "apptest@consolidatedhealthplan.com",
        "displayName": "Application Notifications"
      },
      "eMailAddressReplyTo": {
      },
      "eMailAddressTo": [
        {
          "eMailAddressString": "pmclaughlin@wellfleetinsurance.com",
          "displayName": "Paula McLaughlin"
        }
      ],
      "eMailAddressCC": [
      ],
      "emailAddressBCC": [
      ],
      "attachmentUNCs": [
      ],
      "subject": "DEV: Status for MuleSoft EIS Payment Log File Parsing Process Application",
      "body": {
        "message": null,
        "templateURI": "https://oasis-dev.wellfleetinsurance.com/templates/NotificationApplicationStatusTemplate.html",
        "elements": [
          {
            "key": "HEADING",
            "value": " (104)"
          },
          {
            "key": "APPCONTACT",
            "value": "John Paul Lamb / Jack Yasgar"
          },
          {
            "key": "APPID",
            "value": "51"
          },
          {
            "key": "APPNAME",
            "value": "MuleSoft EIS Payment Log File Parsing Process Application"
          },
          {
            "key": "EMAILADDRESS",
            "value": "pmclaughlin@wellfleetinsurance.com"
          },
          {
            "key": "FILEDATEPROCESSED",
            "value": "3/16/2025 4:00 PM"
          },
          {
            "key": "FILEINBOUND",
            "value": "False"
          },
          {
            "key": "FILENAME",
            "value": "\\\\deveas.medpro.com\\server\\rrng\\EISAPCLM.txt"
          },
          {
            "key": "FILENAMEONLY",
            "value": "EISAPCLM.txt"
          },
          {
            "key": "NEWFILENAME",
            "value": ""
          },
          {
            "key": "NEWFILENAMEONLY",
            "value": ""
          },
          {
            "key": "FILEPROCESSID",
            "value": "173217"
          },
          {
            "key": "NOTIFYSTATUSID",
            "value": "1583484"
          },
          {
            "key": "LOGDATE",
            "value": "3/16/2025 10:45 PM"
          },
          {
            "key": "STATUSMESSAGE",
            "value": "<br><br><P><PRE>STATUS_OBJECT_NAME_NOT_FOUND (0xc0000034): Create failed for \\\\deveas.medpro.com\\EASBackup\\EIS\\EISPayClaim_20250316.log</PRE></P>"
          },
          {
            "key": "STATUSCATDESCRIPTION",
            "value": ""
          },
          {
            "key": "STATUSCATNAME",
            "value": ""
          },
          {
            "key": "STATUSCATSHORTNAME",
            "value": ""
          },
          {
            "key": "STATUSDESCRIPTION",
            "value": ""
          },
          {
            "key": "STATUSID",
            "value": "104"
          },
          {
            "key": "USERFULLNAME",
            "value": "Paula McLaughlin"
          },
          {
            "key": "USERID",
            "value": "2044"
          }
        ]
      },
      "priority": "Normal",
      "isBodyHTML": true,
      "appShortName": "ENT_LOG_SWEEPER_WINSVC",
      "isEncrypted": false,
      "isExternalSend": false,
      "sentDate": "2025-03-16T22:47:25.1906671",
      "dateAdded": "2025-03-16T22:45:50.5388283"
    },
    {
      "id": 6881646,
      "eMailAddressFrom": {
        "eMailAddressString": "apptest@consolidatedhealthplan.com",
        "displayName": "Application Notifications"
      },
      "eMailAddressReplyTo": {
      },
      "eMailAddressTo": [
        {
          "eMailAddressString": "mulesoftdevelopers@wellfleetinsurance.com",
          "displayName": "Mulesoft Developers"
        }
      ],
      "eMailAddressCC": [
      ],
      "emailAddressBCC": [
      ],
      "attachmentUNCs": [
      ],
      "subject": "DEV: Status for MuleSoft EIS Payment Log File Parsing Process Application",
      "body": {
        "message": null,
        "templateURI": "https://oasis-dev.wellfleetinsurance.com/templates/NotificationApplicationStatusTemplate.html",
        "elements": [
          {
            "key": "HEADING",
            "value": " (104)"
          },
          {
            "key": "APPCONTACT",
            "value": "John Paul Lamb / Jack Yasgar"
          },
          {
            "key": "APPID",
            "value": "51"
          },
          {
            "key": "APPNAME",
            "value": "MuleSoft EIS Payment Log File Parsing Process Application"
          },
          {
            "key": "EMAILADDRESS",
            "value": "mulesoftdevelopers@wellfleetinsurance.com"
          },
          {
            "key": "FILEDATEPROCESSED",
            "value": "3/16/2025 4:00 PM"
          },
          {
            "key": "FILEINBOUND",
            "value": "False"
          },
          {
            "key": "FILENAME",
            "value": "\\\\deveas.medpro.com\\server\\rrng\\EISAPCLM.txt"
          },
          {
            "key": "FILENAMEONLY",
            "value": "EISAPCLM.txt"
          },
          {
            "key": "NEWFILENAME",
            "value": ""
          },
          {
            "key": "NEWFILENAMEONLY",
            "value": ""
          },
          {
            "key": "FILEPROCESSID",
            "value": "173217"
          },
          {
            "key": "NOTIFYSTATUSID",
            "value": "1583484"
          },
          {
            "key": "LOGDATE",
            "value": "3/16/2025 10:45 PM"
          },
          {
            "key": "STATUSMESSAGE",
            "value": "<br><br><P><PRE>STATUS_OBJECT_NAME_NOT_FOUND (0xc0000034): Create failed for \\\\deveas.medpro.com\\EASBackup\\EIS\\EISPayClaim_20250316.log</PRE></P>"
          },
          {
            "key": "STATUSCATDESCRIPTION",
            "value": ""
          },
          {
            "key": "STATUSCATNAME",
            "value": ""
          },
          {
            "key": "STATUSCATSHORTNAME",
            "value": ""
          },
          {
            "key": "STATUSDESCRIPTION",
            "value": ""
          },
          {
            "key": "STATUSID",
            "value": "104"
          },
          {
            "key": "USERFULLNAME",
            "value": "Mulesoft Developers"
          },
          {
            "key": "USERID",
            "value": "2043"
          }
        ]
      },
      "priority": "Normal",
      "isBodyHTML": true,
      "appShortName": "ENT_LOG_SWEEPER_WINSVC",
      "isEncrypted": false,
      "isExternalSend": false,
      "sentDate": "2025-03-16T22:47:24.595699",
      "dateAdded": "2025-03-16T22:45:50.1888453"
    },
    {
      "id": 6881645,
      "eMailAddressFrom": {
        "eMailAddressString": "apptest@consolidatedhealthplan.com",
        "displayName": "Application Notifications"
      },
      "eMailAddressReplyTo": {
      },
      "eMailAddressTo": [
        {
          "eMailAddressString": "pmclaughlin@wellfleetinsurance.com",
          "displayName": "Paula McLaughlin"
        }
      ],
      "eMailAddressCC": [
      ],
      "emailAddressBCC": [
      ],
      "attachmentUNCs": [
      ],
      "subject": "DEV: Status for MuleSoft EIS Payment Log File Parsing Process Application",
      "body": {
        "message": null,
        "templateURI": "https://oasis-dev.wellfleetinsurance.com/templates/NotificationApplicationStatusTemplate.html",
        "elements": [
          {
            "key": "HEADING",
            "value": " (104)"
          },
          {
            "key": "APPCONTACT",
            "value": "John Paul Lamb / Jack Yasgar"
          },
          {
            "key": "APPID",
            "value": "51"
          },
          {
            "key": "APPNAME",
            "value": "MuleSoft EIS Payment Log File Parsing Process Application"
          },
          {
            "key": "EMAILADDRESS",
            "value": "pmclaughlin@wellfleetinsurance.com"
          },
          {
            "key": "FILEDATEPROCESSED",
            "value": "3/15/2025 4:00 PM"
          },
          {
            "key": "FILEINBOUND",
            "value": "False"
          },
          {
            "key": "FILENAME",
            "value": "\\\\deveas.medpro.com\\server\\rrng\\EISAPCLM.txt"
          },
          {
            "key": "FILENAMEONLY",
            "value": "EISAPCLM.txt"
          },
          {
            "key": "NEWFILENAME",
            "value": ""
          },
          {
            "key": "NEWFILENAMEONLY",
            "value": ""
          },
          {
            "key": "FILEPROCESSID",
            "value": "173215"
          },
          {
            "key": "NOTIFYSTATUSID",
            "value": "1583471"
          },
          {
            "key": "LOGDATE",
            "value": "3/15/2025 10:45 PM"
          },
          {
            "key": "STATUSMESSAGE",
            "value": "<br><br><P><PRE>STATUS_OBJECT_NAME_NOT_FOUND (0xc0000034): Create failed for \\\\deveas.medpro.com\\EASBackup\\EIS\\EISPayClaim_20250315.log</PRE></P>"
          },
          {
            "key": "STATUSCATDESCRIPTION",
            "value": ""
          },
          {
            "key": "STATUSCATNAME",
            "value": ""
          },
          {
            "key": "STATUSCATSHORTNAME",
            "value": ""
          },
          {
            "key": "STATUSDESCRIPTION",
            "value": ""
          },
          {
            "key": "STATUSID",
            "value": "104"
          },
          {
            "key": "USERFULLNAME",
            "value": "Paula McLaughlin"
          },
          {
            "key": "USERID",
            "value": "2044"
          }
        ]
      },
      "priority": "Normal",
      "isBodyHTML": true,
      "appShortName": "ENT_LOG_SWEEPER_WINSVC",
      "isEncrypted": false,
      "isExternalSend": false,
      "sentDate": "2025-03-15T22:47:23.7783771",
      "dateAdded": "2025-03-15T22:45:41.561674"
    },
    {
      "id": 6881644,
      "eMailAddressFrom": {
        "eMailAddressString": "apptest@consolidatedhealthplan.com",
        "displayName": "Application Notifications"
      },
      "eMailAddressReplyTo": {
      },
      "eMailAddressTo": [
        {
          "eMailAddressString": "mulesoftdevelopers@wellfleetinsurance.com",
          "displayName": "Mulesoft Developers"
        }
      ],
      "eMailAddressCC": [
      ],
      "emailAddressBCC": [
      ],
      "attachmentUNCs": [
      ],
      "subject": "DEV: Status for MuleSoft EIS Payment Log File Parsing Process Application",
      "body": {
        "message": null,
        "templateURI": "https://oasis-dev.wellfleetinsurance.com/templates/NotificationApplicationStatusTemplate.html",
        "elements": [
          {
            "key": "HEADING",
            "value": " (104)"
          },
          {
            "key": "APPCONTACT",
            "value": "John Paul Lamb / Jack Yasgar"
          },
          {
            "key": "APPID",
            "value": "51"
          },
          {
            "key": "APPNAME",
            "value": "MuleSoft EIS Payment Log File Parsing Process Application"
          },
          {
            "key": "EMAILADDRESS",
            "value": "mulesoftdevelopers@wellfleetinsurance.com"
          },
          {
            "key": "FILEDATEPROCESSED",
            "value": "3/15/2025 4:00 PM"
          },
          {
            "key": "FILEINBOUND",
            "value": "False"
          },
          {
            "key": "FILENAME",
            "value": "\\\\deveas.medpro.com\\server\\rrng\\EISAPCLM.txt"
          },
          {
            "key": "FILENAMEONLY",
            "value": "EISAPCLM.txt"
          },
          {
            "key": "NEWFILENAME",
            "value": ""
          },
          {
            "key": "NEWFILENAMEONLY",
            "value": ""
          },
          {
            "key": "FILEPROCESSID",
            "value": "173215"
          },
          {
            "key": "NOTIFYSTATUSID",
            "value": "1583471"
          },
          {
            "key": "LOGDATE",
            "value": "3/15/2025 10:45 PM"
          },
          {
            "key": "STATUSMESSAGE",
            "value": "<br><br><P><PRE>STATUS_OBJECT_NAME_NOT_FOUND (0xc0000034): Create failed for \\\\deveas.medpro.com\\EASBackup\\EIS\\EISPayClaim_20250315.log</PRE></P>"
          },
          {
            "key": "STATUSCATDESCRIPTION",
            "value": ""
          },
          {
            "key": "STATUSCATNAME",
            "value": ""
          },
          {
            "key": "STATUSCATSHORTNAME",
            "value": ""
          },
          {
            "key": "STATUSDESCRIPTION",
            "value": ""
          },
          {
            "key": "STATUSID",
            "value": "104"
          },
          {
            "key": "USERFULLNAME",
            "value": "Mulesoft Developers"
          },
          {
            "key": "USERID",
            "value": "2043"
          }
        ]
      },
      "priority": "Normal",
      "isBodyHTML": true,
      "appShortName": "ENT_LOG_SWEEPER_WINSVC",
      "isEncrypted": false,
      "isExternalSend": false,
      "sentDate": "2025-03-15T22:47:23.1040112",
      "dateAdded": "2025-03-15T22:45:41.5162257"
    },
    {
      "id": 6881643,
      "eMailAddressFrom": {
        "eMailAddressString": "apptest@consolidatedhealthplan.com",
        "displayName": "Application Notifications"
      },
      "eMailAddressReplyTo": {
      },
      "eMailAddressTo": [
        {
          "eMailAddressString": "pmclaughlin@wellfleetinsurance.com",
          "displayName": "Paula McLaughlin"
        }
      ],
      "eMailAddressCC": [
      ],
      "emailAddressBCC": [
      ],
      "attachmentUNCs": [
      ],
      "subject": "DEV: Status for MuleSoft EIS Payment Log File Parsing Process Application",
      "body": {
        "message": null,
        "templateURI": "https://oasis-dev.wellfleetinsurance.com/templates/NotificationApplicationStatusTemplate.html",
        "elements": [
          {
            "key": "HEADING",
            "value": " (104)"
          },
          {
            "key": "APPCONTACT",
            "value": "John Paul Lamb / Jack Yasgar"
          },
          {
            "key": "APPID",
            "value": "51"
          },
          {
            "key": "APPNAME",
            "value": "MuleSoft EIS Payment Log File Parsing Process Application"
          },
          {
            "key": "EMAILADDRESS",
            "value": "pmclaughlin@wellfleetinsurance.com"
          },
          {
            "key": "FILEDATEPROCESSED",
            "value": "3/14/2025 4:00 PM"
          },
          {
            "key": "FILEINBOUND",
            "value": "False"
          },
          {
            "key": "FILENAME",
            "value": "\\\\deveas.medpro.com\\server\\rrng\\EISAPCLM.txt"
          },
          {
            "key": "FILENAMEONLY",
            "value": "EISAPCLM.txt"
          },
          {
            "key": "NEWFILENAME",
            "value": ""
          },
          {
            "key": "NEWFILENAMEONLY",
            "value": ""
          },
          {
            "key": "FILEPROCESSID",
            "value": "173213"
          },
          {
            "key": "NOTIFYSTATUSID",
            "value": "1583458"
          },
          {
            "key": "LOGDATE",
            "value": "3/14/2025 10:45 PM"
          },
          {
            "key": "STATUSMESSAGE",
            "value": "<br><br><P><PRE>STATUS_OBJECT_NAME_NOT_FOUND (0xc0000034): Create failed for \\\\deveas.medpro.com\\EASBackup\\EIS\\EISPayClaim_20250314.log</PRE></P>"
          },
          {
            "key": "STATUSCATDESCRIPTION",
            "value": ""
          },
          {
            "key": "STATUSCATNAME",
            "value": ""
          },
          {
            "key": "STATUSCATSHORTNAME",
            "value": ""
          },
          {
            "key": "STATUSDESCRIPTION",
            "value": ""
          },
          {
            "key": "STATUSID",
            "value": "104"
          },
          {
            "key": "USERFULLNAME",
            "value": "Paula McLaughlin"
          },
          {
            "key": "USERID",
            "value": "2044"
          }
        ]
      },
      "priority": "Normal",
      "isBodyHTML": true,
      "appShortName": "ENT_LOG_SWEEPER_WINSVC",
      "isEncrypted": false,
      "isExternalSend": false,
      "sentDate": "2025-03-14T22:47:21.9966275",
      "dateAdded": "2025-03-14T22:45:32.9810619"
    },
    {
      "id": 6881642,
      "eMailAddressFrom": {
        "eMailAddressString": "apptest@consolidatedhealthplan.com",
        "displayName": "Application Notifications"
      },
      "eMailAddressReplyTo": {
      },
      "eMailAddressTo": [
        {
          "eMailAddressString": "mulesoftdevelopers@wellfleetinsurance.com",
          "displayName": "Mulesoft Developers"
        }
      ],
      "eMailAddressCC": [
      ],
      "emailAddressBCC": [
      ],
      "attachmentUNCs": [
      ],
      "subject": "DEV: Status for MuleSoft EIS Payment Log File Parsing Process Application",
      "body": {
        "message": null,
        "templateURI": "https://oasis-dev.wellfleetinsurance.com/templates/NotificationApplicationStatusTemplate.html",
        "elements": [
          {
            "key": "HEADING",
            "value": " (104)"
          },
          {
            "key": "APPCONTACT",
            "value": "John Paul Lamb / Jack Yasgar"
          },
          {
            "key": "APPID",
            "value": "51"
          },
          {
            "key": "APPNAME",
            "value": "MuleSoft EIS Payment Log File Parsing Process Application"
          },
          {
            "key": "EMAILADDRESS",
            "value": "mulesoftdevelopers@wellfleetinsurance.com"
          },
          {
            "key": "FILEDATEPROCESSED",
            "value": "3/14/2025 4:00 PM"
          },
          {
            "key": "FILEINBOUND",
            "value": "False"
          },
          {
            "key": "FILENAME",
            "value": "\\\\deveas.medpro.com\\server\\rrng\\EISAPCLM.txt"
          },
          {
            "key": "FILENAMEONLY",
            "value": "EISAPCLM.txt"
          },
          {
            "key": "NEWFILENAME",
            "value": ""
          },
          {
            "key": "NEWFILENAMEONLY",
            "value": ""
          },
          {
            "key": "FILEPROCESSID",
            "value": "173213"
          },
          {
            "key": "NOTIFYSTATUSID",
            "value": "1583458"
          },
          {
            "key": "LOGDATE",
            "value": "3/14/2025 10:45 PM"
          },
          {
            "key": "STATUSMESSAGE",
            "value": "<br><br><P><PRE>STATUS_OBJECT_NAME_NOT_FOUND (0xc0000034): Create failed for \\\\deveas.medpro.com\\EASBackup\\EIS\\EISPayClaim_20250314.log</PRE></P>"
          },
          {
            "key": "STATUSCATDESCRIPTION",
            "value": ""
          },
          {
            "key": "STATUSCATNAME",
            "value": ""
          },
          {
            "key": "STATUSCATSHORTNAME",
            "value": ""
          },
          {
            "key": "STATUSDESCRIPTION",
            "value": ""
          },
          {
            "key": "STATUSID",
            "value": "104"
          },
          {
            "key": "USERFULLNAME",
            "value": "Mulesoft Developers"
          },
          {
            "key": "USERID",
            "value": "2043"
          }
        ]
      },
      "priority": "Normal",
      "isBodyHTML": true,
      "appShortName": "ENT_LOG_SWEEPER_WINSVC",
      "isEncrypted": false,
      "isExternalSend": false,
      "sentDate": "2025-03-14T22:47:21.3654014",
      "dateAdded": "2025-03-14T22:45:32.6308205"
    },
    {
      "id": 6881641,
      "eMailAddressFrom": {
        "eMailAddressString": "apptest@consolidatedhealthplan.com",
        "displayName": "Application Notifications"
      },
      "eMailAddressReplyTo": {
      },
      "eMailAddressTo": [
        {
          "eMailAddressString": "mulesoftdevelopers@wellfleetinsurance.com",
          "displayName": "Mulesoft Developers"
        }
      ],
      "eMailAddressCC": [
      ],
      "emailAddressBCC": [
      ],
      "attachmentUNCs": [
      ],
      "subject": "DEV: Error from MuleSoft EIS Payment Status Update Process API Micro Service",
      "body": {
        "message": null,
        "templateURI": "https://oasis-dev.wellfleetinsurance.com/templates/AppEventErrorMultipleTemplate.html",
        "elements": [
          {
            "key": "YEAR",
            "value": "2025"
          },
          {
            "key": "APPVERSION",
            "value": "1.0"
          },
          {
            "key": "LOGINID",
            "value": ""
          },
          {
            "key": "APPNAME",
            "value": "MuleSoft EIS Payment Status Update Process API Micro Service"
          },
          {
            "key": "CONTACT",
            "value": "John Paul Lamb / Jack Yasgar"
          },
          {
            "key": "EMAILADDRESS",
            "value": "mulesoftdevelopers@wellfleetinsurance.com"
          },
          {
            "key": "USERFULLNAME",
            "value": "Mulesoft Developers"
          },
          {
            "key": "HEADING",
            "value": "An Error occurred in MuleSoft EIS Payment Status Update Process API Micro Service"
          },
          {
            "key": "MAINBODY",
            "value": "<label style=\"font-family: Arial, Verdana, sans-serif; font-size:small; color: blue; font-weight: bold;\">3/14/2025 5:01 PM</label><table width=\"100%\" border=\"1\" style=\"border-width: thick; border-color: blue; border-collapse: collapse;\"><tr><td><table width=\"100%\" border=\"1\" style=\"color: blue; border-collapse: collapse;\"><tr><td width=\"140px\" style=\"font-family: Arial, Verdana, sans-serif; color: black;\"><strong>Message:</strong></td><td colspan=\"3\" style=\"font-family: Arial, Verdana, sans-serif; color: black;\"><pre>You called the function 'Value Selector' with these arguments: \n  1: Binary ( as Binary {base: 64})\n  2: Name (content)\n\nBut it expects one of these combinations:\n  (Array, Name)\n  (Array, String)\n  (Date, Name)\n  (DateTime, Name)\n  (LocalDateTime, Name)\n  (LocalTime, Name)\n  (Object, Name)\n  (Object, String)\n  (Period, Name)\n  (Time, Name)\n\n4| payload.content map ( content , indexOfContent ) -> {\n   ^^^^^^^^^^^^^^^\nTrace:\n  at anonymous::main (line: 4, column: 1) evaluating expression: %dw 2.0\noutput application/json\n---\npayload.content map ( content , indexOfContent ) -> {\n\t\teasPaymentNumber: if(content.paymentMode == C) content.checkNumber \n\t\telse content.eftAdviceNumber,\n\t\tpaymentMode: content.paymentMode,\n\t\tcheckReconStatus: content.checkReconStatus,\n\t\tcheckReconDate: content.checkReconDate,\n\t\tinvoiceAmount: content.invoiceAmount,\n\t\tcheckNote: content.checkNote,\n\t\tdaysBetweenUpdate : daysBetween(content.dateEntered, now()), \n\t\thoursBetweenUpdate: (now() - content.dateEntered).hours \n\t\t\n}.</pre></td></tr><tr><td colspan=\"4\" style=\"font-family: Arial, Verdana, sans-serif; color: black;\"><strong>Long Description:</strong></td></tr><tr><td colspan=\"4\" style=\"font-family: Arial, Verdana, sans-serif; color: black;\"><pre>You called the function 'Value Selector' with these arguments: \n  1: Binary ( as Binary {base: 64})\n  2: Name (content)\n\nBut it expects one of these combinations:\n  (Array, Name)\n  (Array, String)\n  (Date, Name)\n  (DateTime, Name)\n  (LocalDateTime, Name)\n  (LocalTime, Name)\n  (Object, Name)\n  (Object, String)\n  (Period, Name)\n  (Time, Name)\n\n4| payload.content map ( content , indexOfContent ) -> {\n   ^^^^^^^^^^^^^^^\nTrace:\n  at anonymous::main (line: 4, column: 1) evaluating expression: %dw 2.0\noutput application/json\n---\npayload.content map ( content , indexOfContent ) -> {\n\t\teasPaymentNumber: if(content.paymentMode == C) content.checkNumber \n\t\telse content.eftAdviceNumber,\n\t\tpaymentMode: content.paymentMode,\n\t\tcheckReconStatus: content.checkReconStatus,\n\t\tcheckReconDate: content.checkReconDate,\n\t\tinvoiceAmount: content.invoiceAmount,\n\t\tcheckNote: content.checkNote,\n\t\tdaysBetweenUpdate : daysBetween(content.dateEntered, now()), \n\t\thoursBetweenUpdate: (now() - content.dateEntered).hours \n\t\t\n}.</pre></td></tr><tr><td width=\"140px\" style=\"font-family: Arial, Verdana, sans-serif; color: black;\"><strong>Method:</strong></td><td style=\"font-family: Arial, Verdana, sans-serif; color: black;\">FileProcessSetSub_Flow</td><td width=\"140px\" style=\"font-family: Arial, Verdana, sans-serif; color: black;\"><strong>Correlation ID:</strong></td><td style=\"font-family: Arial, Verdana, sans-serif; color: black;\">4ad7af10-0117-11f0-9ec0-005056a73672</td></tr><tr><td width=\"140px\" style=\"font-family: Arial, Verdana, sans-serif; color: black;\"><strong>Record ID:</strong></td><td style=\"font-family: Arial, Verdana, sans-serif; color: black;\"></td><td width=\"140px\" style=\"font-family: Arial, Verdana, sans-serif; color: black;\"><strong>Organization:</strong></td><td style=\"font-family: Arial, Verdana, sans-serif; color: black;\">Wellfleet</td></tr><tr><td width=\"140px\" style=\"font-family: Arial,Verdana,sans-serif; color: black;\"><strong>AppVersion:</strong></td><td style=\"font-family: Arial,Verdana,sans-serif; color: black;\">1.0</td><td width=\"140px\" style=\"font-family: Arial,Verdana,sans-serif; color: black;\"><strong>Login Id:</strong></td><td style=\"font-family: Arial,Verdana,sans-serif; color: black;\"></td></tr><tr><td width=\"140px\" style=\"font-family: Arial,Verdana,sans-serif; color: black;\"><strong>App Name:</strong></td><td colspan=\"3\" style=\"font-family: Arial,Verdana,sans-serif; color: black;\">MuleSoft EIS Payment Status Update Process API Micro Service</td></tr><tr><td width=\"140px\" style=\"font-family: Arial,Verdana,sans-serif; color: black;\"><strong>App Contact:</strong></td><td colspan=\"3\" style=\"font-family: Arial,Verdana,sans-serif; color: black;\">John Paul Lamb / Jack Yasgar</td></tr></tbody></table></td></tr></tbody></table><br/>"
          }
        ]
      },
      "priority": "High",
      "isBodyHTML": true,
      "appShortName": "ENT_LOG_SWEEPER_WINSVC",
      "isEncrypted": false,
      "isExternalSend": false,
      "sentDate": "2025-03-14T17:03:20.9365777",
      "dateAdded": "2025-03-14T17:01:24.1457031"
    },
    {
      "id": 6881640,
      "eMailAddressFrom": {
        "eMailAddressString": "apptest@consolidatedhealthplan.com",
        "displayName": "Application Notifications"
      },
      "eMailAddressReplyTo": {
      },
      "eMailAddressTo": [
        {
          "eMailAddressString": "pmclaughlin@wellfleetinsurance.com",
          "displayName": "Paula McLaughlin"
        }
      ],
      "eMailAddressCC": [
      ],
      "emailAddressBCC": [
      ],
      "attachmentUNCs": [
      ],
      "subject": "DEV: Status for MuleSoft EIS Payment Log File Parsing Process Application",
      "body": {
        "message": null,
        "templateURI": "https://oasis-dev.wellfleetinsurance.com/templates/NotificationApplicationStatusTemplate.html",
        "elements": [
          {
            "key": "HEADING",
            "value": " (104)"
          },
          {
            "key": "APPCONTACT",
            "value": "John Paul Lamb / Jack Yasgar"
          },
          {
            "key": "APPID",
            "value": "51"
          },
          {
            "key": "APPNAME",
            "value": "MuleSoft EIS Payment Log File Parsing Process Application"
          },
          {
            "key": "EMAILADDRESS",
            "value": "pmclaughlin@wellfleetinsurance.com"
          },
          {
            "key": "FILEDATEPROCESSED",
            "value": "3/13/2025 4:00 PM"
          },
          {
            "key": "FILEINBOUND",
            "value": "False"
          },
          {
            "key": "FILENAME",
            "value": "\\\\deveas.medpro.com\\server\\rrng\\EISAPCLM.txt"
          },
          {
            "key": "FILENAMEONLY",
            "value": "EISAPCLM.txt"
          },
          {
            "key": "NEWFILENAME",
            "value": ""
          },
          {
            "key": "NEWFILENAMEONLY",
            "value": ""
          },
          {
            "key": "FILEPROCESSID",
            "value": "173211"
          },
          {
            "key": "NOTIFYSTATUSID",
            "value": "1583445"
          },
          {
            "key": "LOGDATE",
            "value": "3/13/2025 10:45 PM"
          },
          {
            "key": "STATUSMESSAGE",
            "value": "<br><br><P><PRE>STATUS_OBJECT_NAME_NOT_FOUND (0xc0000034): Create failed for \\\\deveas.medpro.com\\EASBackup\\EIS\\EISPayClaim_20250313.log</PRE></P>"
          },
          {
            "key": "STATUSCATDESCRIPTION",
            "value": ""
          },
          {
            "key": "STATUSCATNAME",
            "value": ""
          },
          {
            "key": "STATUSCATSHORTNAME",
            "value": ""
          },
          {
            "key": "STATUSDESCRIPTION",
            "value": ""
          },
          {
            "key": "STATUSID",
            "value": "104"
          },
          {
            "key": "USERFULLNAME",
            "value": "Paula McLaughlin"
          },
          {
            "key": "USERID",
            "value": "2044"
          }
        ]
      },
      "priority": "Normal",
      "isBodyHTML": true,
      "appShortName": "ENT_LOG_SWEEPER_WINSVC",
      "isEncrypted": false,
      "isExternalSend": false,
      "sentDate": "2025-03-13T22:47:20.5030989",
      "dateAdded": "2025-03-13T22:45:23.7489543"
    },
    {
      "id": 6881639,
      "eMailAddressFrom": {
        "eMailAddressString": "apptest@consolidatedhealthplan.com",
        "displayName": "Application Notifications"
      },
      "eMailAddressReplyTo": {
      },
      "eMailAddressTo": [
        {
          "eMailAddressString": "mulesoftdevelopers@wellfleetinsurance.com",
          "displayName": "Mulesoft Developers"
        }
      ],
      "eMailAddressCC": [
      ],
      "emailAddressBCC": [
      ],
      "attachmentUNCs": [
      ],
      "subject": "DEV: Status for MuleSoft EIS Payment Log File Parsing Process Application",
      "body": {
        "message": null,
        "templateURI": "https://oasis-dev.wellfleetinsurance.com/templates/NotificationApplicationStatusTemplate.html",
        "elements": [
          {
            "key": "HEADING",
            "value": " (104)"
          },
          {
            "key": "APPCONTACT",
            "value": "John Paul Lamb / Jack Yasgar"
          },
          {
            "key": "APPID",
            "value": "51"
          },
          {
            "key": "APPNAME",
            "value": "MuleSoft EIS Payment Log File Parsing Process Application"
          },
          {
            "key": "EMAILADDRESS",
            "value": "mulesoftdevelopers@wellfleetinsurance.com"
          },
          {
            "key": "FILEDATEPROCESSED",
            "value": "3/13/2025 4:00 PM"
          },
          {
            "key": "FILEINBOUND",
            "value": "False"
          },
          {
            "key": "FILENAME",
            "value": "\\\\deveas.medpro.com\\server\\rrng\\EISAPCLM.txt"
          },
          {
            "key": "FILENAMEONLY",
            "value": "EISAPCLM.txt"
          },
          {
            "key": "NEWFILENAME",
            "value": ""
          },
          {
            "key": "NEWFILENAMEONLY",
            "value": ""
          },
          {
            "key": "FILEPROCESSID",
            "value": "173211"
          },
          {
            "key": "NOTIFYSTATUSID",
            "value": "1583445"
          },
          {
            "key": "LOGDATE",
            "value": "3/13/2025 10:45 PM"
          },
          {
            "key": "STATUSMESSAGE",
            "value": "<br><br><P><PRE>STATUS_OBJECT_NAME_NOT_FOUND (0xc0000034): Create failed for \\\\deveas.medpro.com\\EASBackup\\EIS\\EISPayClaim_20250313.log</PRE></P>"
          },
          {
            "key": "STATUSCATDESCRIPTION",
            "value": ""
          },
          {
            "key": "STATUSCATNAME",
            "value": ""
          },
          {
            "key": "STATUSCATSHORTNAME",
            "value": ""
          },
          {
            "key": "STATUSDESCRIPTION",
            "value": ""
          },
          {
            "key": "STATUSID",
            "value": "104"
          },
          {
            "key": "USERFULLNAME",
            "value": "Mulesoft Developers"
          },
          {
            "key": "USERID",
            "value": "2043"
          }
        ]
      },
      "priority": "Normal",
      "isBodyHTML": true,
      "appShortName": "ENT_LOG_SWEEPER_WINSVC",
      "isEncrypted": false,
      "isExternalSend": false,
      "sentDate": "2025-03-13T22:47:19.8302431",
      "dateAdded": "2025-03-13T22:45:23.706272"
    },
    {
      "id": 6881638,
      "eMailAddressFrom": {
        "eMailAddressString": "apptest@consolidatedhealthplan.com",
        "displayName": "Application Notifications"
      },
      "eMailAddressReplyTo": {
      },
      "eMailAddressTo": [
        {
          "eMailAddressString": "mulesoftdevelopers@wellfleetinsurance.com",
          "displayName": "Mulesoft Developers"
        }
      ],
      "eMailAddressCC": [
      ],
      "emailAddressBCC": [
      ],
      "attachmentUNCs": [
      ],
      "subject": "DEV: Error from MuleSoft EIS Payment Status Update Process API Micro Service",
      "body": {
        "message": null,
        "templateURI": "https://oasis-dev.wellfleetinsurance.com/templates/AppEventErrorMultipleTemplate.html",
        "elements": [
          {
            "key": "YEAR",
            "value": "2025"
          },
          {
            "key": "APPVERSION",
            "value": "1.0"
          },
          {
            "key": "LOGINID",
            "value": ""
          },
          {
            "key": "APPNAME",
            "value": "MuleSoft EIS Payment Status Update Process API Micro Service"
          },
          {
            "key": "CONTACT",
            "value": "John Paul Lamb / Jack Yasgar"
          },
          {
            "key": "EMAILADDRESS",
            "value": "mulesoftdevelopers@wellfleetinsurance.com"
          },
          {
            "key": "USERFULLNAME",
            "value": "Mulesoft Developers"
          },
          {
            "key": "HEADING",
            "value": "An Error occurred in MuleSoft EIS Payment Status Update Process API Micro Service"
          },
          {
            "key": "MAINBODY",
            "value": "<label style=\"font-family: Arial, Verdana, sans-serif; font-size:small; color: blue; font-weight: bold;\">3/13/2025 5:01 PM</label><table width=\"100%\" border=\"1\" style=\"border-width: thick; border-color: blue; border-collapse: collapse;\"><tr><td><table width=\"100%\" border=\"1\" style=\"color: blue; border-collapse: collapse;\"><tr><td width=\"140px\" style=\"font-family: Arial, Verdana, sans-serif; color: black;\"><strong>Message:</strong></td><td colspan=\"3\" style=\"font-family: Arial, Verdana, sans-serif; color: black;\"><pre>You called the function 'Value Selector' with these arguments: \n  1: Binary ( as Binary {base: 64})\n  2: Name (content)\n\nBut it expects one of these combinations:\n  (Array, Name)\n  (Array, String)\n  (Date, Name)\n  (DateTime, Name)\n  (LocalDateTime, Name)\n  (LocalTime, Name)\n  (Object, Name)\n  (Object, String)\n  (Period, Name)\n  (Time, Name)\n\n4| payload.content map ( content , indexOfContent ) -> {\n   ^^^^^^^^^^^^^^^\nTrace:\n  at anonymous::main (line: 4, column: 1) evaluating expression: %dw 2.0\noutput application/json\n---\npayload.content map ( content , indexOfContent ) -> {\n\t\teasPaymentNumber: if(content.paymentMode == C) content.checkNumber \n\t\telse content.eftAdviceNumber,\n\t\tpaymentMode: content.paymentMode,\n\t\tcheckReconStatus: content.checkReconStatus,\n\t\tcheckReconDate: content.checkReconDate,\n\t\tinvoiceAmount: content.invoiceAmount,\n\t\tcheckNote: content.checkNote,\n\t\tdaysBetweenUpdate : daysBetween(content.dateEntered, now()), \n\t\thoursBetweenUpdate: (now() - content.dateEntered).hours \n\t\t\n}.</pre></td></tr><tr><td colspan=\"4\" style=\"font-family: Arial, Verdana, sans-serif; color: black;\"><strong>Long Description:</strong></td></tr><tr><td colspan=\"4\" style=\"font-family: Arial, Verdana, sans-serif; color: black;\"><pre>You called the function 'Value Selector' with these arguments: \n  1: Binary ( as Binary {base: 64})\n  2: Name (content)\n\nBut it expects one of these combinations:\n  (Array, Name)\n  (Array, String)\n  (Date, Name)\n  (DateTime, Name)\n  (LocalDateTime, Name)\n  (LocalTime, Name)\n  (Object, Name)\n  (Object, String)\n  (Period, Name)\n  (Time, Name)\n\n4| payload.content map ( content , indexOfContent ) -> {\n   ^^^^^^^^^^^^^^^\nTrace:\n  at anonymous::main (line: 4, column: 1) evaluating expression: %dw 2.0\noutput application/json\n---\npayload.content map ( content , indexOfContent ) -> {\n\t\teasPaymentNumber: if(content.paymentMode == C) content.checkNumber \n\t\telse content.eftAdviceNumber,\n\t\tpaymentMode: content.paymentMode,\n\t\tcheckReconStatus: content.checkReconStatus,\n\t\tcheckReconDate: content.checkReconDate,\n\t\tinvoiceAmount: content.invoiceAmount,\n\t\tcheckNote: content.checkNote,\n\t\tdaysBetweenUpdate : daysBetween(content.dateEntered, now()), \n\t\thoursBetweenUpdate: (now() - content.dateEntered).hours \n\t\t\n}.</pre></td></tr><tr><td width=\"140px\" style=\"font-family: Arial, Verdana, sans-serif; color: black;\"><strong>Method:</strong></td><td style=\"font-family: Arial, Verdana, sans-serif; color: black;\">FileProcessSetSub_Flow</td><td width=\"140px\" style=\"font-family: Arial, Verdana, sans-serif; color: black;\"><strong>Correlation ID:</strong></td><td style=\"font-family: Arial, Verdana, sans-serif; color: black;\">206fc3d1-004e-11f0-9ec0-005056a73672</td></tr><tr><td width=\"140px\" style=\"font-family: Arial, Verdana, sans-serif; color: black;\"><strong>Record ID:</strong></td><td style=\"font-family: Arial, Verdana, sans-serif; color: black;\"></td><td width=\"140px\" style=\"font-family: Arial, Verdana, sans-serif; color: black;\"><strong>Organization:</strong></td><td style=\"font-family: Arial, Verdana, sans-serif; color: black;\">Wellfleet</td></tr><tr><td width=\"140px\" style=\"font-family: Arial,Verdana,sans-serif; color: black;\"><strong>AppVersion:</strong></td><td style=\"font-family: Arial,Verdana,sans-serif; color: black;\">1.0</td><td width=\"140px\" style=\"font-family: Arial,Verdana,sans-serif; color: black;\"><strong>Login Id:</strong></td><td style=\"font-family: Arial,Verdana,sans-serif; color: black;\"></td></tr><tr><td width=\"140px\" style=\"font-family: Arial,Verdana,sans-serif; color: black;\"><strong>App Name:</strong></td><td colspan=\"3\" style=\"font-family: Arial,Verdana,sans-serif; color: black;\">MuleSoft EIS Payment Status Update Process API Micro Service</td></tr><tr><td width=\"140px\" style=\"font-family: Arial,Verdana,sans-serif; color: black;\"><strong>App Contact:</strong></td><td colspan=\"3\" style=\"font-family: Arial,Verdana,sans-serif; color: black;\">John Paul Lamb / Jack Yasgar</td></tr></tbody></table></td></tr></tbody></table><br/>"
          }
        ]
      },
      "priority": "High",
      "isBodyHTML": true,
      "appShortName": "ENT_LOG_SWEEPER_WINSVC",
      "isEncrypted": false,
      "isExternalSend": false,
      "sentDate": "2025-03-13T17:01:19.1071749",
      "dateAdded": "2025-03-13T17:01:15.467359"
    }
  ],
  "message": {
    "id": 0,
    "level": 0,
    "state": 0,
    "source": "",
    "message": "",
    "code": "",
    "stacktrace": ""
  },
  "links": [
  ]
}
 
[main] INFO com.intuit.karate - [print] [
  6881647,
  6881646,
  6881645,
  6881644,
  6881643,
  6881642,
  6881641,
  6881640,
  6881639,
  6881638
]
 
[main] INFO com.intuit.karate.Suite - <<pass>> feature 12 of 21 (0 remaining) classpath:wfSImuleSoft/expApi/getEmailsPageExpCSR3534.feature
[main] INFO com.intuit.karate - karate.env system property was: null 
[main] INFO com.intuit.karate - [print] {
  "metadata": {
    "count": 8,
    "offset": 0,
    "limit": 0,
    "total": 0,
    "page": 1,
    "searchfilter": "",
    "sortexpression": "",
    "sortorder": "",
    "refid": 0
  },
  "links": [
  ],
  "content": [
    {
      "CategoryName": "ACAmbulanceTransportation",
      "Items": [
        {
          "CategoryShortName": "ACAmbulanceTransportation",
          "Code": "0",
          "LUValue": "Not Included",
          "ProductCode": "GB_AC"
        },
        {
          "CategoryShortName": "ACAmbulanceTransportation",
          "Code": "0",
          "LUValue": "Not Included",
          "ProductCode": "GB_AC"
        },
        {
          "CategoryShortName": "ACAmbulanceTransportation",
          "Code": "100",
          "LUValue": "Included - $100 Maximum Benefit",
          "ProductCode": "GB_AC"
        },
        {
          "CategoryShortName": "ACAmbulanceTransportation",
          "Code": "150",
          "LUValue": "Included - $150 Maximum Benefit",
          "ProductCode": "GB_AC"
        },
        {
          "CategoryShortName": "ACAmbulanceTransportation",
          "Code": "250",
          "LUValue": "Included - $250 Maximum Benefit",
          "ProductCode": "GB_AC"
        },
        {
          "CategoryShortName": "ACAmbulanceTransportation",
          "Code": "350",
          "LUValue": "Included - $350 Maximum Benefit",
          "ProductCode": "GB_AC"
        },
        {
          "CategoryShortName": "ACAmbulanceTransportation",
          "Code": "50",
          "LUValue": "Included - $50 Maximum Benefit",
          "ProductCode": "GB_AC"
        },
        {
          "CategoryShortName": "ACAmbulanceTransportation",
          "Code": "500",
          "LUValue": "Included - $500 Maximum Benefit",
          "ProductCode": "GB_AC"
        }
      ]
    }
  ]
}
 
[main] INFO com.intuit.karate - [print] [
  "ACAmbulanceTransportation"
]
 
[main] INFO com.intuit.karate.Suite - <<pass>> feature 13 of 21 (0 remaining) classpath:wfSImuleSoft/expApi/getEntEISLookupCSR3536.feature
[main] INFO com.intuit.karate - karate.env system property was: null 
[main] INFO com.intuit.karate - [print] {
  "metadata": {
    "count": 8,
    "offset": 0,
    "limit": 0,
    "total": 0,
    "page": 1,
    "searchfilter": "",
    "sortexpression": "",
    "sortorder": "",
    "refid": 0
  },
  "links": [
  ],
  "content": [
    {
      "CategoryShortName": "ACAmbulanceTransportation",
      "Code": "0",
      "LUValue": "Not Included",
      "ProductCode": "GB_AC"
    },
    {
      "CategoryShortName": "ACAmbulanceTransportation",
      "Code": "0",
      "LUValue": "Not Included",
      "ProductCode": "GB_AC"
    },
    {
      "CategoryShortName": "ACAmbulanceTransportation",
      "Code": "100",
      "LUValue": "Included - $100 Maximum Benefit",
      "ProductCode": "GB_AC"
    },
    {
      "CategoryShortName": "ACAmbulanceTransportation",
      "Code": "150",
      "LUValue": "Included - $150 Maximum Benefit",
      "ProductCode": "GB_AC"
    },
    {
      "CategoryShortName": "ACAmbulanceTransportation",
      "Code": "250",
      "LUValue": "Included - $250 Maximum Benefit",
      "ProductCode": "GB_AC"
    },
    {
      "CategoryShortName": "ACAmbulanceTransportation",
      "Code": "350",
      "LUValue": "Included - $350 Maximum Benefit",
      "ProductCode": "GB_AC"
    },
    {
      "CategoryShortName": "ACAmbulanceTransportation",
      "Code": "50",
      "LUValue": "Included - $50 Maximum Benefit",
      "ProductCode": "GB_AC"
    },
    {
      "CategoryShortName": "ACAmbulanceTransportation",
      "Code": "500",
      "LUValue": "Included - $500 Maximum Benefit",
      "ProductCode": "GB_AC"
    }
  ]
}
 
[main] INFO com.intuit.karate - [print] [
  "ACAmbulanceTransportation",
  "ACAmbulanceTransportation",
  "ACAmbulanceTransportation",
  "ACAmbulanceTransportation",
  "ACAmbulanceTransportation",
  "ACAmbulanceTransportation",
  "ACAmbulanceTransportation",
  "ACAmbulanceTransportation"
]
 
[main] INFO com.intuit.karate.Suite - <<pass>> feature 14 of 21 (0 remaining) classpath:wfSImuleSoft/expApi/getEntEISLUItemsCSR3536.feature
[main] INFO com.intuit.karate - karate.env system property was: null 
[main] INFO com.intuit.karate - [print] {
  "metadata": {
    "count": 1,
    "offset": 0,
    "limit": 1,
    "total": 1,
    "page": 1,
    "refid": 0
  },
  "content": [
    {
      "Id": 54,
      "CatName": "Convert 7-8 Alpha from Group to Med Coverage",
      "CatShortName": "GLADGROUPCOVERAGETOSI",
      "CatDescription": "These are the conversions from the CHP Group number (SI Policy Number) alpha in position 7-8 to the Medical Coverage Text",
      "IsActive": true,
      "Items": [
        {
          "Id": 2847,
          "CategoryID": 54,
          "CategoryShortName": "GLADGROUPCOVERAGETOSI",
          "Code": "IN",
          "ItemDescription": "- Accident & Sickness Insurance Plan",
          "EnumValue": 1,
          "LUValue": "- Accident & Sickness",
          "IsActive": true,
          "LUBoolean": false,
          "LUQuantity": 0,
          "LUDate1": "0001-01-01T00:00:00",
          "LUDate2": "0001-01-01T00:00:00",
          "DateAdded": "2020-03-24T14:27:39.5589468",
          "DateMod": "2020-03-24T14:27:39.5589468",
          "IsReadOnly": false
        },
        {
          "Id": 1688,
          "CategoryID": 54,
          "CategoryShortName": "GLADGROUPCOVERAGETOSI",
          "Code": "AC",
          "ItemDescription": "Accident Only Insurance Plan",
          "EnumValue": 1,
          "LUValue": "Accident",
          "LUValue2": "",
          "IsActive": true,
          "LUBoolean": false,
          "LUQuantity": 0,
          "LUDate1": "0001-01-01T00:00:00",
          "LUDate2": "0001-01-01T00:00:00",
          "DateAdded": "2018-01-24T15:20:02.507",
          "DateMod": "2018-01-24T15:20:02.507",
          "IsReadOnly": false
        },
        {
          "Id": 2797,
          "CategoryID": 54,
          "CategoryShortName": "GLADGROUPCOVERAGETOSI",
          "Code": "19",
          "ItemDescription": "Accident Only Insurance Plan",
          "EnumValue": 1,
          "LUValue": "Accident",
          "LUValue2": "",
          "IsActive": true,
          "LUBoolean": false,
          "LUQuantity": 0,
          "LUDate1": "0001-01-01T00:00:00",
          "LUDate2": "0001-01-01T00:00:00",
          "DateAdded": "2019-09-20T09:24:05.927",
          "DateMod": "2019-09-20T09:24:05.927",
          "IsReadOnly": false
        },
        {
          "Id": 1692,
          "CategoryID": 54,
          "CategoryShortName": "GLADGROUPCOVERAGETOSI",
          "Code": "FI",
          "ItemDescription": "Fixed Indemnity Insurance Plan",
          "EnumValue": 1,
          "LUValue": "Fixed Indemnity",
          "LUValue2": "",
          "IsActive": true,
          "LUBoolean": false,
          "LUQuantity": 0,
          "LUDate1": "0001-01-01T00:00:00",
          "LUDate2": "0001-01-01T00:00:00",
          "DateAdded": "2018-01-24T15:20:02.513",
          "DateMod": "2018-01-24T15:20:02.513",
          "IsReadOnly": false
        },
        {
          "Id": 1689,
          "CategoryID": 54,
          "CategoryShortName": "GLADGROUPCOVERAGETOSI",
          "Code": "IC",
          "ItemDescription": "Intercollegiate Sports Insurance Plan",
          "EnumValue": 1,
          "LUValue": "ICS",
          "LUValue2": "",
          "IsActive": true,
          "LUBoolean": false,
          "LUQuantity": 0,
          "LUDate1": "0001-01-01T00:00:00",
          "LUDate2": "0001-01-01T00:00:00",
          "DateAdded": "2018-01-24T15:20:02.51",
          "DateMod": "2018-01-24T15:20:02.51",
          "IsReadOnly": false
        },
        {
          "Id": 1691,
          "CategoryID": 54,
          "CategoryShortName": "GLADGROUPCOVERAGETOSI",
          "Code": "LM",
          "ItemDescription": "Limited Medical Insurance Plan",
          "EnumValue": 1,
          "LUValue": "Limited Medical",
          "LUValue2": "",
          "IsActive": true,
          "LUBoolean": false,
          "LUQuantity": 0,
          "LUDate1": "0001-01-01T00:00:00",
          "LUDate2": "0001-01-01T00:00:00",
          "DateAdded": "2018-01-24T15:20:02.513",
          "DateMod": "2018-01-24T15:20:02.513",
          "IsReadOnly": false
        },
        {
          "Id": 1687,
          "CategoryID": 54,
          "CategoryShortName": "GLADGROUPCOVERAGETOSI",
          "Code": "SH",
          "ItemDescription": "Student Health Insurance Plan",
          "EnumValue": 1,
          "LUValue": "SHIP",
          "LUValue2": "",
          "IsActive": true,
          "LUBoolean": false,
          "LUQuantity": 0,
          "LUDate1": "0001-01-01T00:00:00",
          "LUDate2": "0001-01-01T00:00:00",
          "DateAdded": "2018-01-24T15:20:02.503",
          "DateMod": "2018-01-24T15:20:02.503",
          "IsReadOnly": false
        },
        {
          "Id": 1690,
          "CategoryID": 54,
          "CategoryShortName": "GLADGROUPCOVERAGETOSI",
          "Code": "SA",
          "ItemDescription": "Study Abroad Insurance Plan",
          "EnumValue": 1,
          "LUValue": "Study Abroad",
          "LUValue2": "",
          "IsActive": true,
          "LUBoolean": false,
          "LUQuantity": 0,
          "LUDate1": "0001-01-01T00:00:00",
          "LUDate2": "0001-01-01T00:00:00",
          "DateAdded": "2018-01-24T15:20:02.51",
          "DateMod": "2018-01-24T15:20:02.51",
          "IsReadOnly": false
        }
      ]
    }
  ],
  "message": {
    "id": 0,
    "level": 0,
    "state": 0
  },
  "links": [
  ]
}
 
[main] INFO com.intuit.karate - [print] [
  54
]
 
[main] INFO com.intuit.karate.Suite - <<pass>> feature 15 of 21 (0 remaining) classpath:wfSImuleSoft/expApi/getEntlookupsCategoryCSR3536.feature
[main] INFO com.intuit.karate - karate.env system property was: null 
[main] INFO com.intuit.karate - [print] {
  "metadata": {
    "count": 1,
    "offset": 0,
    "limit": 1,
    "total": 1,
    "page": 1,
    "refid": 0
  },
  "content": [
    {
      "Id": 54,
      "CatName": "Convert 7-8 Alpha from Group to Med Coverage",
      "CatShortName": "GLADGROUPCOVERAGETOSI",
      "CatDescription": "These are the conversions from the CHP Group number (SI Policy Number) alpha in position 7-8 to the Medical Coverage Text",
      "IsActive": true,
      "Items": [
        {
          "Id": 2847,
          "CategoryID": 54,
          "CategoryShortName": "GLADGROUPCOVERAGETOSI",
          "Code": "IN",
          "ItemDescription": "- Accident & Sickness Insurance Plan",
          "EnumValue": 1,
          "LUValue": "- Accident & Sickness",
          "IsActive": true,
          "LUBoolean": false,
          "LUQuantity": 0,
          "LUDate1": "0001-01-01T00:00:00",
          "LUDate2": "0001-01-01T00:00:00",
          "DateAdded": "2020-03-24T14:27:39.5589468",
          "DateMod": "2020-03-24T14:27:39.5589468",
          "IsReadOnly": false
        },
        {
          "Id": 1688,
          "CategoryID": 54,
          "CategoryShortName": "GLADGROUPCOVERAGETOSI",
          "Code": "AC",
          "ItemDescription": "Accident Only Insurance Plan",
          "EnumValue": 1,
          "LUValue": "Accident",
          "LUValue2": "",
          "IsActive": true,
          "LUBoolean": false,
          "LUQuantity": 0,
          "LUDate1": "0001-01-01T00:00:00",
          "LUDate2": "0001-01-01T00:00:00",
          "DateAdded": "2018-01-24T15:20:02.507",
          "DateMod": "2018-01-24T15:20:02.507",
          "IsReadOnly": false
        },
        {
          "Id": 2797,
          "CategoryID": 54,
          "CategoryShortName": "GLADGROUPCOVERAGETOSI",
          "Code": "19",
          "ItemDescription": "Accident Only Insurance Plan",
          "EnumValue": 1,
          "LUValue": "Accident",
          "LUValue2": "",
          "IsActive": true,
          "LUBoolean": false,
          "LUQuantity": 0,
          "LUDate1": "0001-01-01T00:00:00",
          "LUDate2": "0001-01-01T00:00:00",
          "DateAdded": "2019-09-20T09:24:05.927",
          "DateMod": "2019-09-20T09:24:05.927",
          "IsReadOnly": false
        },
        {
          "Id": 1692,
          "CategoryID": 54,
          "CategoryShortName": "GLADGROUPCOVERAGETOSI",
          "Code": "FI",
          "ItemDescription": "Fixed Indemnity Insurance Plan",
          "EnumValue": 1,
          "LUValue": "Fixed Indemnity",
          "LUValue2": "",
          "IsActive": true,
          "LUBoolean": false,
          "LUQuantity": 0,
          "LUDate1": "0001-01-01T00:00:00",
          "LUDate2": "0001-01-01T00:00:00",
          "DateAdded": "2018-01-24T15:20:02.513",
          "DateMod": "2018-01-24T15:20:02.513",
          "IsReadOnly": false
        },
        {
          "Id": 1689,
          "CategoryID": 54,
          "CategoryShortName": "GLADGROUPCOVERAGETOSI",
          "Code": "IC",
          "ItemDescription": "Intercollegiate Sports Insurance Plan",
          "EnumValue": 1,
          "LUValue": "ICS",
          "LUValue2": "",
          "IsActive": true,
          "LUBoolean": false,
          "LUQuantity": 0,
          "LUDate1": "0001-01-01T00:00:00",
          "LUDate2": "0001-01-01T00:00:00",
          "DateAdded": "2018-01-24T15:20:02.51",
          "DateMod": "2018-01-24T15:20:02.51",
          "IsReadOnly": false
        },
        {
          "Id": 1691,
          "CategoryID": 54,
          "CategoryShortName": "GLADGROUPCOVERAGETOSI",
          "Code": "LM",
          "ItemDescription": "Limited Medical Insurance Plan",
          "EnumValue": 1,
          "LUValue": "Limited Medical",
          "LUValue2": "",
          "IsActive": true,
          "LUBoolean": false,
          "LUQuantity": 0,
          "LUDate1": "0001-01-01T00:00:00",
          "LUDate2": "0001-01-01T00:00:00",
          "DateAdded": "2018-01-24T15:20:02.513",
          "DateMod": "2018-01-24T15:20:02.513",
          "IsReadOnly": false
        },
        {
          "Id": 1687,
          "CategoryID": 54,
          "CategoryShortName": "GLADGROUPCOVERAGETOSI",
          "Code": "SH",
          "ItemDescription": "Student Health Insurance Plan",
          "EnumValue": 1,
          "LUValue": "SHIP",
          "LUValue2": "",
          "IsActive": true,
          "LUBoolean": false,
          "LUQuantity": 0,
          "LUDate1": "0001-01-01T00:00:00",
          "LUDate2": "0001-01-01T00:00:00",
          "DateAdded": "2018-01-24T15:20:02.503",
          "DateMod": "2018-01-24T15:20:02.503",
          "IsReadOnly": false
        },
        {
          "Id": 1690,
          "CategoryID": 54,
          "CategoryShortName": "GLADGROUPCOVERAGETOSI",
          "Code": "SA",
          "ItemDescription": "Study Abroad Insurance Plan",
          "EnumValue": 1,
          "LUValue": "Study Abroad",
          "LUValue2": "",
          "IsActive": true,
          "LUBoolean": false,
          "LUQuantity": 0,
          "LUDate1": "0001-01-01T00:00:00",
          "LUDate2": "0001-01-01T00:00:00",
          "DateAdded": "2018-01-24T15:20:02.51",
          "DateMod": "2018-01-24T15:20:02.51",
          "IsReadOnly": false
        }
      ]
    }
  ],
  "message": {
    "id": 0,
    "level": 0,
    "state": 0
  },
  "links": [
  ]
}
 
[main] INFO com.intuit.karate - [print] [
  54
]
 
[main] INFO com.intuit.karate.Suite - <<pass>> feature 16 of 21 (0 remaining) classpath:wfSImuleSoft/expApi/getEntlookupsLuCategoryCSR3536.feature
[main] INFO com.intuit.karate - karate.env system property was: null 
[main] INFO com.intuit.karate - [print] {
  "metadata": {
    "count": 1,
    "offset": 0,
    "limit": 1,
    "total": 1,
    "page": 1,
    "refid": 0
  },
  "content": [
    {
      "Id": 54,
      "CatName": "Convert 7-8 Alpha from Group to Med Coverage",
      "CatShortName": "GLADGROUPCOVERAGETOSI",
      "CatDescription": "These are the conversions from the CHP Group number (SI Policy Number) alpha in position 7-8 to the Medical Coverage Text",
      "IsActive": true,
      "Items": [
        {
          "Id": 2847,
          "CategoryID": 54,
          "CategoryShortName": "GLADGROUPCOVERAGETOSI",
          "Code": "IN",
          "ItemDescription": "- Accident & Sickness Insurance Plan",
          "EnumValue": 1,
          "LUValue": "- Accident & Sickness",
          "IsActive": true,
          "LUBoolean": false,
          "LUQuantity": 0,
          "LUDate1": "0001-01-01T00:00:00",
          "LUDate2": "0001-01-01T00:00:00",
          "DateAdded": "2020-03-24T14:27:39.5589468",
          "DateMod": "2020-03-24T14:27:39.5589468",
          "IsReadOnly": false
        },
        {
          "Id": 1688,
          "CategoryID": 54,
          "CategoryShortName": "GLADGROUPCOVERAGETOSI",
          "Code": "AC",
          "ItemDescription": "Accident Only Insurance Plan",
          "EnumValue": 1,
          "LUValue": "Accident",
          "LUValue2": "",
          "IsActive": true,
          "LUBoolean": false,
          "LUQuantity": 0,
          "LUDate1": "0001-01-01T00:00:00",
          "LUDate2": "0001-01-01T00:00:00",
          "DateAdded": "2018-01-24T15:20:02.507",
          "DateMod": "2018-01-24T15:20:02.507",
          "IsReadOnly": false
        },
        {
          "Id": 2797,
          "CategoryID": 54,
          "CategoryShortName": "GLADGROUPCOVERAGETOSI",
          "Code": "19",
          "ItemDescription": "Accident Only Insurance Plan",
          "EnumValue": 1,
          "LUValue": "Accident",
          "LUValue2": "",
          "IsActive": true,
          "LUBoolean": false,
          "LUQuantity": 0,
          "LUDate1": "0001-01-01T00:00:00",
          "LUDate2": "0001-01-01T00:00:00",
          "DateAdded": "2019-09-20T09:24:05.927",
          "DateMod": "2019-09-20T09:24:05.927",
          "IsReadOnly": false
        },
        {
          "Id": 1692,
          "CategoryID": 54,
          "CategoryShortName": "GLADGROUPCOVERAGETOSI",
          "Code": "FI",
          "ItemDescription": "Fixed Indemnity Insurance Plan",
          "EnumValue": 1,
          "LUValue": "Fixed Indemnity",
          "LUValue2": "",
          "IsActive": true,
          "LUBoolean": false,
          "LUQuantity": 0,
          "LUDate1": "0001-01-01T00:00:00",
          "LUDate2": "0001-01-01T00:00:00",
          "DateAdded": "2018-01-24T15:20:02.513",
          "DateMod": "2018-01-24T15:20:02.513",
          "IsReadOnly": false
        },
        {
          "Id": 1689,
          "CategoryID": 54,
          "CategoryShortName": "GLADGROUPCOVERAGETOSI",
          "Code": "IC",
          "ItemDescription": "Intercollegiate Sports Insurance Plan",
          "EnumValue": 1,
          "LUValue": "ICS",
          "LUValue2": "",
          "IsActive": true,
          "LUBoolean": false,
          "LUQuantity": 0,
          "LUDate1": "0001-01-01T00:00:00",
          "LUDate2": "0001-01-01T00:00:00",
          "DateAdded": "2018-01-24T15:20:02.51",
          "DateMod": "2018-01-24T15:20:02.51",
          "IsReadOnly": false
        },
        {
          "Id": 1691,
          "CategoryID": 54,
          "CategoryShortName": "GLADGROUPCOVERAGETOSI",
          "Code": "LM",
          "ItemDescription": "Limited Medical Insurance Plan",
          "EnumValue": 1,
          "LUValue": "Limited Medical",
          "LUValue2": "",
          "IsActive": true,
          "LUBoolean": false,
          "LUQuantity": 0,
          "LUDate1": "0001-01-01T00:00:00",
          "LUDate2": "0001-01-01T00:00:00",
          "DateAdded": "2018-01-24T15:20:02.513",
          "DateMod": "2018-01-24T15:20:02.513",
          "IsReadOnly": false
        },
        {
          "Id": 1687,
          "CategoryID": 54,
          "CategoryShortName": "GLADGROUPCOVERAGETOSI",
          "Code": "SH",
          "ItemDescription": "Student Health Insurance Plan",
          "EnumValue": 1,
          "LUValue": "SHIP",
          "LUValue2": "",
          "IsActive": true,
          "LUBoolean": false,
          "LUQuantity": 0,
          "LUDate1": "0001-01-01T00:00:00",
          "LUDate2": "0001-01-01T00:00:00",
          "DateAdded": "2018-01-24T15:20:02.503",
          "DateMod": "2018-01-24T15:20:02.503",
          "IsReadOnly": false
        },
        {
          "Id": 1690,
          "CategoryID": 54,
          "CategoryShortName": "GLADGROUPCOVERAGETOSI",
          "Code": "SA",
          "ItemDescription": "Study Abroad Insurance Plan",
          "EnumValue": 1,
          "LUValue": "Study Abroad",
          "LUValue2": "",
          "IsActive": true,
          "LUBoolean": false,
          "LUQuantity": 0,
          "LUDate1": "0001-01-01T00:00:00",
          "LUDate2": "0001-01-01T00:00:00",
          "DateAdded": "2018-01-24T15:20:02.51",
          "DateMod": "2018-01-24T15:20:02.51",
          "IsReadOnly": false
        }
      ]
    }
  ],
  "message": {
    "id": 0,
    "level": 0,
    "state": 0
  },
  "links": [
  ]
}
 
[main] INFO com.intuit.karate - [print] [
  54
]
 
[main] INFO com.intuit.karate.Suite - <<pass>> feature 17 of 21 (0 remaining) classpath:wfSImuleSoft/expApi/getEntlookupsLuCategoryIdCSR3536.feature
[main] INFO com.intuit.karate - karate.env system property was: null 
[main] INFO com.intuit.karate - [print] {
  "metadata": {
    "count": 1,
    "offset": 0,
    "limit": 1,
    "total": 1,
    "page": 1,
    "refid": 0
  },
  "content": [
    {
      "Id": 2797,
      "CategoryID": 54,
      "Code": "19",
      "ItemDescription": "Accident Only Insurance Plan",
      "EnumValue": 1,
      "LUValue": "Accident",
      "LUValue2": "",
      "IsActive": true,
      "LUBoolean": false,
      "LUQuantity": 0,
      "LUDate1": "0001-01-01T00:00:00",
      "LUDate2": "0001-01-01T00:00:00",
      "DateAdded": "2019-09-20T09:24:05.927",
      "DateMod": "2019-09-20T09:24:05.927",
      "IsReadOnly": false,
      "CategoryShortName": "GLADGROUPCOVERAGETOSI"
    }
  ],
  "message": {
    "id": 0,
    "level": 0,
    "state": 0
  },
  "links": [
  ]
}
 
[main] INFO com.intuit.karate - [print] [
  2797
]
 
[main] INFO com.intuit.karate.Suite - <<pass>> feature 18 of 21 (0 remaining) classpath:wfSImuleSoft/expApi/getEntlookupsLuItemCSR3536.feature
[main] INFO com.intuit.karate - karate.env system property was: null 
[main] INFO com.intuit.karate - [print] {
  "metadata": {
    "count": 8,
    "offset": 0,
    "limit": 8,
    "total": 8,
    "page": 1,
    "refid": 54
  },
  "content": [
    {
      "Id": 2847,
      "CategoryID": 54,
      "CategoryShortName": "GLADGROUPCOVERAGETOSI",
      "Code": "IN",
      "EnumValue": 1,
      "LUValue": "- Accident & Sickness",
      "IsActive": true,
      "LUBoolean": false,
      "LUQuantity": 0,
      "LUDate1": "0001-01-01T00:00:00",
      "LUDate2": "0001-01-01T00:00:00",
      "DateAdded": "2020-03-24T14:27:39.5589468",
      "DateMod": "2020-03-24T14:27:39.5589468",
      "IsReadOnly": false
    },
    {
      "Id": 1688,
      "CategoryID": 54,
      "CategoryShortName": "GLADGROUPCOVERAGETOSI",
      "Code": "AC",
      "EnumValue": 1,
      "LUValue": "Accident",
      "LUValue2": "",
      "IsActive": true,
      "LUBoolean": false,
      "LUQuantity": 0,
      "LUDate1": "0001-01-01T00:00:00",
      "LUDate2": "0001-01-01T00:00:00",
      "DateAdded": "2018-01-24T15:20:02.507",
      "DateMod": "2018-01-24T15:20:02.507",
      "IsReadOnly": false
    },
    {
      "Id": 2797,
      "CategoryID": 54,
      "CategoryShortName": "GLADGROUPCOVERAGETOSI",
      "Code": "19",
      "EnumValue": 1,
      "LUValue": "Accident",
      "LUValue2": "",
      "IsActive": true,
      "LUBoolean": false,
      "LUQuantity": 0,
      "LUDate1": "0001-01-01T00:00:00",
      "LUDate2": "0001-01-01T00:00:00",
      "DateAdded": "2019-09-20T09:24:05.927",
      "DateMod": "2019-09-20T09:24:05.927",
      "IsReadOnly": false
    },
    {
      "Id": 1692,
      "CategoryID": 54,
      "CategoryShortName": "GLADGROUPCOVERAGETOSI",
      "Code": "FI",
      "EnumValue": 1,
      "LUValue": "Fixed Indemnity",
      "LUValue2": "",
      "IsActive": true,
      "LUBoolean": false,
      "LUQuantity": 0,
      "LUDate1": "0001-01-01T00:00:00",
      "LUDate2": "0001-01-01T00:00:00",
      "DateAdded": "2018-01-24T15:20:02.513",
      "DateMod": "2018-01-24T15:20:02.513",
      "IsReadOnly": false
    },
    {
      "Id": 1689,
      "CategoryID": 54,
      "CategoryShortName": "GLADGROUPCOVERAGETOSI",
      "Code": "IC",
      "EnumValue": 1,
      "LUValue": "ICS",
      "LUValue2": "",
      "IsActive": true,
      "LUBoolean": false,
      "LUQuantity": 0,
      "LUDate1": "0001-01-01T00:00:00",
      "LUDate2": "0001-01-01T00:00:00",
      "DateAdded": "2018-01-24T15:20:02.51",
      "DateMod": "2018-01-24T15:20:02.51",
      "IsReadOnly": false
    },
    {
      "Id": 1691,
      "CategoryID": 54,
      "CategoryShortName": "GLADGROUPCOVERAGETOSI",
      "Code": "LM",
      "EnumValue": 1,
      "LUValue": "Limited Medical",
      "LUValue2": "",
      "IsActive": true,
      "LUBoolean": false,
      "LUQuantity": 0,
      "LUDate1": "0001-01-01T00:00:00",
      "LUDate2": "0001-01-01T00:00:00",
      "DateAdded": "2018-01-24T15:20:02.513",
      "DateMod": "2018-01-24T15:20:02.513",
      "IsReadOnly": false
    },
    {
      "Id": 1687,
      "CategoryID": 54,
      "CategoryShortName": "GLADGROUPCOVERAGETOSI",
      "Code": "SH",
      "EnumValue": 1,
      "LUValue": "SHIP",
      "LUValue2": "",
      "IsActive": true,
      "LUBoolean": false,
      "LUQuantity": 0,
      "LUDate1": "0001-01-01T00:00:00",
      "LUDate2": "0001-01-01T00:00:00",
      "DateAdded": "2018-01-24T15:20:02.503",
      "DateMod": "2018-01-24T15:20:02.503",
      "IsReadOnly": false
    },
    {
      "Id": 1690,
      "CategoryID": 54,
      "CategoryShortName": "GLADGROUPCOVERAGETOSI",
      "Code": "SA",
      "EnumValue": 1,
      "LUValue": "Study Abroad",
      "LUValue2": "",
      "IsActive": true,
      "LUBoolean": false,
      "LUQuantity": 0,
      "LUDate1": "0001-01-01T00:00:00",
      "LUDate2": "0001-01-01T00:00:00",
      "DateAdded": "2018-01-24T15:20:02.51",
      "DateMod": "2018-01-24T15:20:02.51",
      "IsReadOnly": false
    }
  ],
  "message": {
    "id": 0,
    "level": 0,
    "state": 0
  },
  "links": [
  ]
}
 
[main] INFO com.intuit.karate - [print] [
  2847,
  1688,
  2797,
  1692,
  1689,
  1691,
  1687,
  1690
]
 
[main] INFO com.intuit.karate.Suite - <<pass>> feature 19 of 21 (0 remaining) classpath:wfSImuleSoft/expApi/getEntlookupsLuItemsCSR3536.feature
[main] INFO com.intuit.karate - karate.env system property was: null 
[main] INFO com.intuit.karate - [print] {
  "metadata": {
    "count": 1,
    "offset": 0,
    "limit": 1,
    "total": 1,
    "page": 1,
    "refid": 54
  },
  "content": [
    {
      "Id": 2797,
      "CategoryID": 54,
      "CategoryShortName": "GLADGROUPCOVERAGETOSI",
      "Code": "19",
      "EnumValue": 1,
      "LUValue": "Accident",
      "LUValue2": "",
      "IsActive": true,
      "LUBoolean": false,
      "LUQuantity": 0,
      "LUDate1": "0001-01-01T00:00:00",
      "LUDate2": "0001-01-01T00:00:00",
      "DateAdded": "2019-09-20T09:24:05.927",
      "DateMod": "2019-09-20T09:24:05.927",
      "IsReadOnly": false
    }
  ],
  "message": {
    "id": 0,
    "level": 0,
    "state": 0
  },
  "links": [
  ]
}
 
[main] INFO com.intuit.karate - [print] [
  2797
]
 
[main] INFO com.intuit.karate.Suite - <<pass>> feature 20 of 21 (0 remaining) classpath:wfSImuleSoft/expApi/getEntlookupsOneLuItemCSR3536.feature
[main] INFO com.intuit.karate - karate.env system property was: null 
[main] INFO com.intuit.karate - [print] {
  "metadata": {
    "count": 1,
    "offset": 0,
    "limit": 1,
    "total": 1,
    "page": 1,
    "searchterm": "",
    "searchfilter": "",
    "sortexpression": "",
    "sortorder": "",
    "refid": 0
  },
  "content": [
    {
      "id": 6881518,
      "eMailAddressFrom": {
      },
      "eMailAddressReplyTo": {
      },
      "eMailAddressTo": [
        {
          "eMailAddressString": "jyasgar@wellfleetinsurance.com",
          "displayName": "Wellfleet Lighthouse"
        }
      ],
      "eMailAddressCC": [
      ],
      "emailAddressBCC": [
      ],
      "attachmentUNCs": [
      ],
      "subject": "QA TEST: Test just for Deepak",
      "body": {
        "message": null,
        "templateURI": "https://oasis.wellfleetinsurance.com/templates/SimpleNotificationTemplate.html",
        "elements": [
          {
            "key": "HEADING",
            "value": "You just sent an email you lucky dog!"
          },
          {
            "key": "MESSAGE",
            "value": "I'm so proud of you Deepak!"
          },
          {
            "key": "YEAR",
            "value": "2025"
          },
          {
            "key": "EMAILADDRESS",
            "value": "DKumar@wellfleetinsurance.com"
          },
          {
            "key": "USERFULLNAME",
            "value": "The bestest QA tester!"
          }
        ]
      },
      "priority": "Normal",
      "isBodyHTML": true,
      "appShortName": "EMPLOYEE_PORTAL_WEB_WB",
      "isEncrypted": false,
      "isExternalSend": false,
      "sentDate": "2025-02-21T11:20:55.7589057",
      "dateAdded": "2025-02-21T11:20:03.7605513"
    }
  ],
  "message": {
    "id": 0,
    "level": 0,
    "state": 0,
    "source": "",
    "message": "",
    "code": "",
    "stacktrace": ""
  },
  "links": [
  ]
}
 
[main] INFO com.intuit.karate - [print] [
  6881518
]
 
[main] INFO com.intuit.karate.Suite - <<pass>> feature 21 of 21 (0 remaining) classpath:wfSImuleSoft/expApi/getSaveEmailExpCSR3534.feature
Mar 17, 2025 9:12:48 AM net.masterthought.cucumber.ReportParser parseJsonFiles
INFO: File 'C:\Users\600001141\WFMuleSoftAPITest\target\karate-reports\wfSImuleSoft.expApi.getAgencyCityNameInExp.json' contains 1 feature(s)
Mar 17, 2025 9:12:48 AM net.masterthought.cucumber.ReportParser parseJsonFiles
INFO: File 'C:\Users\600001141\WFMuleSoftAPITest\target\karate-reports\wfSImuleSoft.expApi.getAgencyCodeInExp.json' contains 1 feature(s)
Mar 17, 2025 9:12:48 AM net.masterthought.cucumber.ReportParser parseJsonFiles
INFO: File 'C:\Users\600001141\WFMuleSoftAPITest\target\karate-reports\wfSImuleSoft.expApi.getAgencyDetailsInExp.json' contains 1 feature(s)
Mar 17, 2025 9:12:48 AM net.masterthought.cucumber.ReportParser parseJsonFiles
INFO: File 'C:\Users\600001141\WFMuleSoftAPITest\target\karate-reports\wfSImuleSoft.expApi.getAgencyNameInExp.json' contains 1 feature(s)
Mar 17, 2025 9:12:48 AM net.masterthought.cucumber.ReportParser parseJsonFiles
INFO: File 'C:\Users\600001141\WFMuleSoftAPITest\target\karate-reports\wfSImuleSoft.expApi.getAgencyPostalcodeInExp.json' contains 1 feature(s)
Mar 17, 2025 9:12:48 AM net.masterthought.cucumber.ReportParser parseJsonFiles
INFO: File 'C:\Users\600001141\WFMuleSoftAPITest\target\karate-reports\wfSImuleSoft.expApi.getAgencyStateInExp.json' contains 1 feature(s)
Mar 17, 2025 9:12:48 AM net.masterthought.cucumber.ReportParser parseJsonFiles
INFO: File 'C:\Users\600001141\WFMuleSoftAPITest\target\karate-reports\wfSImuleSoft.expApi.getAgencyTotalNumbersInExp.json' contains 1 feature(s)
Mar 17, 2025 9:12:48 AM net.masterthought.cucumber.ReportParser parseJsonFiles
INFO: File 'C:\Users\600001141\WFMuleSoftAPITest\target\karate-reports\wfSImuleSoft.expApi.getCaseCustomerNumberExp.json' contains 1 feature(s)
Mar 17, 2025 9:12:48 AM net.masterthought.cucumber.ReportParser parseJsonFiles
INFO: File 'C:\Users\600001141\WFMuleSoftAPITest\target\karate-reports\wfSImuleSoft.expApi.getCaseNumberExp.json' contains 1 feature(s)
Mar 17, 2025 9:12:48 AM net.masterthought.cucumber.ReportParser parseJsonFiles
INFO: File 'C:\Users\600001141\WFMuleSoftAPITest\target\karate-reports\wfSImuleSoft.expApi.getEISLUItemCSR3536.json' contains 1 feature(s)
Mar 17, 2025 9:12:48 AM net.masterthought.cucumber.ReportParser parseJsonFiles
INFO: File 'C:\Users\600001141\WFMuleSoftAPITest\target\karate-reports\wfSImuleSoft.expApi.getEmailExpCSR3534.json' contains 1 feature(s)
Mar 17, 2025 9:12:48 AM net.masterthought.cucumber.ReportParser parseJsonFiles
INFO: File 'C:\Users\600001141\WFMuleSoftAPITest\target\karate-reports\wfSImuleSoft.expApi.getEmailsPageExpCSR3534.json' contains 1 feature(s)
Mar 17, 2025 9:12:48 AM net.masterthought.cucumber.ReportParser parseJsonFiles
INFO: File 'C:\Users\600001141\WFMuleSoftAPITest\target\karate-reports\wfSImuleSoft.expApi.getEntEISLookupCSR3536.json' contains 1 feature(s)
Mar 17, 2025 9:12:48 AM net.masterthought.cucumber.ReportParser parseJsonFiles
INFO: File 'C:\Users\600001141\WFMuleSoftAPITest\target\karate-reports\wfSImuleSoft.expApi.getEntEISLUItemsCSR3536.json' contains 1 feature(s)
Mar 17, 2025 9:12:48 AM net.masterthought.cucumber.ReportParser parseJsonFiles
INFO: File 'C:\Users\600001141\WFMuleSoftAPITest\target\karate-reports\wfSImuleSoft.expApi.getEntlookupsCategoryCSR3536.json' contains 1 feature(s)
Mar 17, 2025 9:12:48 AM net.masterthought.cucumber.ReportParser parseJsonFiles
INFO: File 'C:\Users\600001141\WFMuleSoftAPITest\target\karate-reports\wfSImuleSoft.expApi.getEntlookupsLuCategoryCSR3536.json' contains 1 feature(s)
Mar 17, 2025 9:12:48 AM net.masterthought.cucumber.ReportParser parseJsonFiles
INFO: File 'C:\Users\600001141\WFMuleSoftAPITest\target\karate-reports\wfSImuleSoft.expApi.getEntlookupsLuCategoryIdCSR3536.json' contains 1 feature(s)
Mar 17, 2025 9:12:48 AM net.masterthought.cucumber.ReportParser parseJsonFiles
INFO: File 'C:\Users\600001141\WFMuleSoftAPITest\target\karate-reports\wfSImuleSoft.expApi.getEntlookupsLuItemCSR3536.json' contains 1 feature(s)
Mar 17, 2025 9:12:48 AM net.masterthought.cucumber.ReportParser parseJsonFiles
INFO: File 'C:\Users\600001141\WFMuleSoftAPITest\target\karate-reports\wfSImuleSoft.expApi.getEntlookupsLuItemsCSR3536.json' contains 1 feature(s)
Mar 17, 2025 9:12:48 AM net.masterthought.cucumber.ReportParser parseJsonFiles
INFO: File 'C:\Users\600001141\WFMuleSoftAPITest\target\karate-reports\wfSImuleSoft.expApi.getEntlookupsOneLuItemCSR3536.json' contains 1 feature(s)
Mar 17, 2025 9:12:48 AM net.masterthought.cucumber.ReportParser parseJsonFiles
INFO: File 'C:\Users\600001141\WFMuleSoftAPITest\target\karate-reports\wfSImuleSoft.expApi.getSaveEmailExpCSR3534.json' contains 1 feature(s)
]]></system-err>
  </testcase>
</testsuite>